\BOOKMARK [0][-]{titre.0}{Page de titre}{}% 1
\BOOKMARK [0][-]{chapter*.1}{Affidavit}{}% 2
\BOOKMARK [0][-]{chapter*.2}{Liste de publications et participation aux conf\351rences}{}% 3
\BOOKMARK [0][-]{chapter*.5}{R\351sum\351}{}% 4
\BOOKMARK [0][-]{chapter*.6}{Abstract}{}% 5
\BOOKMARK [0][-]{chapter*.7}{Remerciements}{}% 6
\BOOKMARK [0][-]{chapter*.8}{Table des mati\350res}{}% 7
\BOOKMARK [0][-]{chapter*.9}{Table des figures}{}% 8
\BOOKMARK [0][-]{chapter*.10}{Liste des tableaux}{}% 9
\BOOKMARK [0][-]{chapter*.11}{Introduction}{}% 10
\BOOKMARK [0][-]{chapter.1}{Opti-CAM: Optimizing saliency maps for interpretability}{}% 11
\BOOKMARK [1][-]{section.1.1}{Articles}{chapter.1}% 12
\BOOKMARK [0][-]{chapter.2}{CA-Stream: Attention-based pooling for interpretable image recognition}{}% 13
\BOOKMARK [1][-]{section.2.1}{Articles}{chapter.2}% 14
\BOOKMARK [0][-]{chapter.3}{R\351sultats}{}% 15
\BOOKMARK [1][-]{section.3.1}{Mod\350les}{chapter.3}% 16
\BOOKMARK [1][-]{section.3.2}{Articles}{chapter.3}% 17
\BOOKMARK [0][-]{chapter*.17}{Conclusion}{}% 18
\BOOKMARK [0][-]{section*.18}{Index}{}% 19
\BOOKMARK [0][-]{chapter*.20}{ANNEXES}{}% 20
\BOOKMARK [1][-]{section.Alph0.1}{Intitul\351s des doctorats AMU}{chapter*.20}% 21
\BOOKMARK [1][-]{section.Alph0.2}{Donn\351es brutes}{chapter*.20}% 22
