This is pdfTeX, Version 3.14159265-2.6-1.40.18 (TeX Live 2017/Debian) (preloaded format=pdflatex 2023.6.3)  11 OCT 2023 14:31
entering extended mode
 restricted \write18 enabled.
 %&-line parsing enabled.
**main.tex
(./main.tex
LaTeX2e <2017-04-15>
Babel <3.18> and hyphenation patterns for 84 language(s) loaded.
(/usr/share/texlive/texmf-dist/tex/latex/base/article.cls
Document Class: article 2014/09/29 v1.4h Standard LaTeX document class
(/usr/share/texlive/texmf-dist/tex/latex/base/size10.clo
File: size10.clo 2014/09/29 v1.4h Standard LaTeX file (size option)
)
\c@part=\count79
\c@section=\count80
\c@subsection=\count81
\c@subsubsection=\count82
\c@paragraph=\count83
\c@subparagraph=\count84
\c@figure=\count85
\c@table=\count86
\abovecaptionskip=\skip41
\belowcaptionskip=\skip42
\bibindent=\dimen102
) (./wacv.sty
(./eso-pic.sty
Package: eso-pic 2002/11/16 v1.1b eso-pic (RN)
 (./wacv_eso.sty

LaTeX Warning: You have requested package `eso-pic',
               but the package provides `everyshi'.

Package: everyshi 2001/05/15 v3.00 EveryShipout Package (MS)
) (/usr/share/texlive/texmf-dist/tex/latex/graphics/keyval.sty
Package: keyval 2014/10/28 v1.15 key=value parser (DPC)
\KV@toks@=\toks14
))
(/usr/share/texlive/texmf-dist/tex/latex/tools/xspace.sty
Package: xspace 2014/10/28 v1.13 Space after command names (DPC,MH)
)
WACV 8.5 x 11-Inch Proceedings Style `wacv.sty'.
\@ctmp=\skip43
\@figindent=\skip44
\wacvrulerbox=\box26
\wacvrulercount=\count87
\wacvruleroffset=\dimen103
\cv@lineheight=\dimen104
\cv@boxheight=\dimen105
\cv@tmpbox=\box27
\cv@refno=\count88
\cv@tot=\count89
\cv@tmpc@=\count90
\cv@tmpc=\count91
) (./tex/plots.tex (/usr/share/texlive/texmf-dist/tex/latex/xcolor/xcolor.sty
Package: xcolor 2016/05/11 v2.12 LaTeX color extensions (UK)

(/usr/share/texlive/texmf-dist/tex/latex/graphics-cfg/color.cfg
File: color.cfg 2016/01/02 v1.6 sample color configuration
)
Package xcolor Info: Driver file: pdftex.def on input line 225.

(/usr/share/texlive/texmf-dist/tex/latex/graphics-def/pdftex.def
File: pdftex.def 2018/01/08 v1.0l Graphics/color driver for pdftex
)
Package xcolor Info: Model `cmy' substituted by `cmy0' on input line 1348.
Package xcolor Info: Model `hsb' substituted by `rgb' on input line 1352.
Package xcolor Info: Model `RGB' extended on input line 1364.
Package xcolor Info: Model `HTML' substituted by `rgb' on input line 1366.
Package xcolor Info: Model `Hsb' substituted by `hsb' on input line 1367.
Package xcolor Info: Model `tHsb' substituted by `hsb' on input line 1368.
Package xcolor Info: Model `HSB' substituted by `hsb' on input line 1369.
Package xcolor Info: Model `Gray' substituted by `gray' on input line 1370.
Package xcolor Info: Model `wave' substituted by `hsb' on input line 1371.

(/usr/share/texlive/texmf-dist/tex/latex/graphics/dvipsnam.def
File: dvipsnam.def 2016/06/17 v3.0m Driver-dependent file (DPC,SPQR)
)
(/usr/share/texlive/texmf-dist/tex/latex/xcolor/svgnam.def
File: svgnam.def 2016/05/11 v2.12 Predefined colors according to SVG 1.1 (UK)
)
(/usr/share/texlive/texmf-dist/tex/latex/xcolor/x11nam.def
File: x11nam.def 2016/05/11 v2.12 Predefined colors according to Unix/X11 (UK)
))
(/usr/share/texlive/texmf-dist/tex/latex/pgf/frontendlayer/tikz.sty
(/usr/share/texlive/texmf-dist/tex/latex/pgf/basiclayer/pgf.sty
(/usr/share/texlive/texmf-dist/tex/latex/pgf/utilities/pgfrcs.sty
(/usr/share/texlive/texmf-dist/tex/generic/pgf/utilities/pgfutil-common.tex
\pgfutil@everybye=\toks15
\pgfutil@tempdima=\dimen106
\pgfutil@tempdimb=\dimen107

(/usr/share/texlive/texmf-dist/tex/generic/pgf/utilities/pgfutil-common-lists.t
ex)) (/usr/share/texlive/texmf-dist/tex/generic/pgf/utilities/pgfutil-latex.def
\pgfutil@abb=\box28
) (/usr/share/texlive/texmf-dist/tex/generic/pgf/utilities/pgfrcs.code.tex
Package: pgfrcs 2015/08/07 v3.0.1a (rcs-revision 1.31)
))
Package: pgf 2015/08/07 v3.0.1a (rcs-revision 1.15)

(/usr/share/texlive/texmf-dist/tex/latex/pgf/basiclayer/pgfcore.sty
(/usr/share/texlive/texmf-dist/tex/latex/graphics/graphicx.sty
Package: graphicx 2017/06/01 v1.1a Enhanced LaTeX Graphics (DPC,SPQR)

(/usr/share/texlive/texmf-dist/tex/latex/graphics/graphics.sty
Package: graphics 2017/06/25 v1.2c Standard LaTeX Graphics (DPC,SPQR)

(/usr/share/texlive/texmf-dist/tex/latex/graphics/trig.sty
Package: trig 2016/01/03 v1.10 sin cos tan (DPC)
)
(/usr/share/texlive/texmf-dist/tex/latex/graphics-cfg/graphics.cfg
File: graphics.cfg 2016/06/04 v1.11 sample graphics configuration
)
Package graphics Info: Driver file: pdftex.def on input line 99.
)
\Gin@req@height=\dimen108
\Gin@req@width=\dimen109
)
(/usr/share/texlive/texmf-dist/tex/latex/pgf/systemlayer/pgfsys.sty
(/usr/share/texlive/texmf-dist/tex/generic/pgf/systemlayer/pgfsys.code.tex
Package: pgfsys 2014/07/09 v3.0.1a (rcs-revision 1.48)

(/usr/share/texlive/texmf-dist/tex/generic/pgf/utilities/pgfkeys.code.tex
\pgfkeys@pathtoks=\toks16
\pgfkeys@temptoks=\toks17

(/usr/share/texlive/texmf-dist/tex/generic/pgf/utilities/pgfkeysfiltered.code.t
ex
\pgfkeys@tmptoks=\toks18
))
\pgf@x=\dimen110
\pgf@y=\dimen111
\pgf@xa=\dimen112
\pgf@ya=\dimen113
\pgf@xb=\dimen114
\pgf@yb=\dimen115
\pgf@xc=\dimen116
\pgf@yc=\dimen117
\w@pgf@writea=\write3
\r@pgf@reada=\read1
\c@pgf@counta=\count92
\c@pgf@countb=\count93
\c@pgf@countc=\count94
\c@pgf@countd=\count95
\t@pgf@toka=\toks19
\t@pgf@tokb=\toks20
\t@pgf@tokc=\toks21
 (/usr/share/texlive/texmf-dist/tex/generic/pgf/systemlayer/pgf.cfg
File: pgf.cfg 2008/05/14  (rcs-revision 1.7)
)
Driver file for pgf: pgfsys-pdftex.def

(/usr/share/texlive/texmf-dist/tex/generic/pgf/systemlayer/pgfsys-pdftex.def
File: pgfsys-pdftex.def 2014/10/11  (rcs-revision 1.35)

(/usr/share/texlive/texmf-dist/tex/generic/pgf/systemlayer/pgfsys-common-pdf.de
f
File: pgfsys-common-pdf.def 2013/10/10  (rcs-revision 1.13)
)))
(/usr/share/texlive/texmf-dist/tex/generic/pgf/systemlayer/pgfsyssoftpath.code.
tex
File: pgfsyssoftpath.code.tex 2013/09/09  (rcs-revision 1.9)
\pgfsyssoftpath@smallbuffer@items=\count96
\pgfsyssoftpath@bigbuffer@items=\count97
)
(/usr/share/texlive/texmf-dist/tex/generic/pgf/systemlayer/pgfsysprotocol.code.
tex
File: pgfsysprotocol.code.tex 2006/10/16  (rcs-revision 1.4)
))
(/usr/share/texlive/texmf-dist/tex/generic/pgf/basiclayer/pgfcore.code.tex
Package: pgfcore 2010/04/11 v3.0.1a (rcs-revision 1.7)

(/usr/share/texlive/texmf-dist/tex/generic/pgf/math/pgfmath.code.tex
(/usr/share/texlive/texmf-dist/tex/generic/pgf/math/pgfmathcalc.code.tex
(/usr/share/texlive/texmf-dist/tex/generic/pgf/math/pgfmathutil.code.tex)
(/usr/share/texlive/texmf-dist/tex/generic/pgf/math/pgfmathparser.code.tex
\pgfmath@dimen=\dimen118
\pgfmath@count=\count98
\pgfmath@box=\box29
\pgfmath@toks=\toks22
\pgfmath@stack@operand=\toks23
\pgfmath@stack@operation=\toks24
)
(/usr/share/texlive/texmf-dist/tex/generic/pgf/math/pgfmathfunctions.code.tex
(/usr/share/texlive/texmf-dist/tex/generic/pgf/math/pgfmathfunctions.basic.code
.tex)
(/usr/share/texlive/texmf-dist/tex/generic/pgf/math/pgfmathfunctions.trigonomet
ric.code.tex)
(/usr/share/texlive/texmf-dist/tex/generic/pgf/math/pgfmathfunctions.random.cod
e.tex)
(/usr/share/texlive/texmf-dist/tex/generic/pgf/math/pgfmathfunctions.comparison
.code.tex)
(/usr/share/texlive/texmf-dist/tex/generic/pgf/math/pgfmathfunctions.base.code.
tex)
(/usr/share/texlive/texmf-dist/tex/generic/pgf/math/pgfmathfunctions.round.code
.tex)
(/usr/share/texlive/texmf-dist/tex/generic/pgf/math/pgfmathfunctions.misc.code.
tex)
(/usr/share/texlive/texmf-dist/tex/generic/pgf/math/pgfmathfunctions.integerari
thmetics.code.tex)))
(/usr/share/texlive/texmf-dist/tex/generic/pgf/math/pgfmathfloat.code.tex
\c@pgfmathroundto@lastzeros=\count99
))
(/usr/share/texlive/texmf-dist/tex/generic/pgf/basiclayer/pgfcorepoints.code.te
x
File: pgfcorepoints.code.tex 2013/10/07  (rcs-revision 1.27)
\pgf@picminx=\dimen119
\pgf@picmaxx=\dimen120
\pgf@picminy=\dimen121
\pgf@picmaxy=\dimen122
\pgf@pathminx=\dimen123
\pgf@pathmaxx=\dimen124
\pgf@pathminy=\dimen125
\pgf@pathmaxy=\dimen126
\pgf@xx=\dimen127
\pgf@xy=\dimen128
\pgf@yx=\dimen129
\pgf@yy=\dimen130
\pgf@zx=\dimen131
\pgf@zy=\dimen132
)
(/usr/share/texlive/texmf-dist/tex/generic/pgf/basiclayer/pgfcorepathconstruct.
code.tex
File: pgfcorepathconstruct.code.tex 2013/10/07  (rcs-revision 1.29)
\pgf@path@lastx=\dimen133
\pgf@path@lasty=\dimen134
)
(/usr/share/texlive/texmf-dist/tex/generic/pgf/basiclayer/pgfcorepathusage.code
.tex
File: pgfcorepathusage.code.tex 2014/11/02  (rcs-revision 1.24)
\pgf@shorten@end@additional=\dimen135
\pgf@shorten@start@additional=\dimen136
)
(/usr/share/texlive/texmf-dist/tex/generic/pgf/basiclayer/pgfcorescopes.code.te
x
File: pgfcorescopes.code.tex 2015/05/08  (rcs-revision 1.46)
\pgfpic=\box30
\pgf@hbox=\box31
\pgf@layerbox@main=\box32
\pgf@picture@serial@count=\count100
)
(/usr/share/texlive/texmf-dist/tex/generic/pgf/basiclayer/pgfcoregraphicstate.c
ode.tex
File: pgfcoregraphicstate.code.tex 2014/11/02  (rcs-revision 1.12)
\pgflinewidth=\dimen137
)
(/usr/share/texlive/texmf-dist/tex/generic/pgf/basiclayer/pgfcoretransformation
s.code.tex
File: pgfcoretransformations.code.tex 2015/08/07  (rcs-revision 1.20)
\pgf@pt@x=\dimen138
\pgf@pt@y=\dimen139
\pgf@pt@temp=\dimen140
)
(/usr/share/texlive/texmf-dist/tex/generic/pgf/basiclayer/pgfcorequick.code.tex
File: pgfcorequick.code.tex 2008/10/09  (rcs-revision 1.3)
)
(/usr/share/texlive/texmf-dist/tex/generic/pgf/basiclayer/pgfcoreobjects.code.t
ex
File: pgfcoreobjects.code.tex 2006/10/11  (rcs-revision 1.2)
)
(/usr/share/texlive/texmf-dist/tex/generic/pgf/basiclayer/pgfcorepathprocessing
.code.tex
File: pgfcorepathprocessing.code.tex 2013/09/09  (rcs-revision 1.9)
)
(/usr/share/texlive/texmf-dist/tex/generic/pgf/basiclayer/pgfcorearrows.code.te
x
File: pgfcorearrows.code.tex 2015/05/14  (rcs-revision 1.43)
\pgfarrowsep=\dimen141
)
(/usr/share/texlive/texmf-dist/tex/generic/pgf/basiclayer/pgfcoreshade.code.tex
File: pgfcoreshade.code.tex 2013/07/15  (rcs-revision 1.15)
\pgf@max=\dimen142
\pgf@sys@shading@range@num=\count101
)
(/usr/share/texlive/texmf-dist/tex/generic/pgf/basiclayer/pgfcoreimage.code.tex
File: pgfcoreimage.code.tex 2013/07/15  (rcs-revision 1.18)

(/usr/share/texlive/texmf-dist/tex/generic/pgf/basiclayer/pgfcoreexternal.code.
tex
File: pgfcoreexternal.code.tex 2014/07/09  (rcs-revision 1.21)
\pgfexternal@startupbox=\box33
))
(/usr/share/texlive/texmf-dist/tex/generic/pgf/basiclayer/pgfcorelayers.code.te
x
File: pgfcorelayers.code.tex 2013/07/18  (rcs-revision 1.7)
)
(/usr/share/texlive/texmf-dist/tex/generic/pgf/basiclayer/pgfcoretransparency.c
ode.tex
File: pgfcoretransparency.code.tex 2013/09/30  (rcs-revision 1.5)
)
(/usr/share/texlive/texmf-dist/tex/generic/pgf/basiclayer/pgfcorepatterns.code.
tex
File: pgfcorepatterns.code.tex 2013/11/07  (rcs-revision 1.5)
)))
(/usr/share/texlive/texmf-dist/tex/generic/pgf/modules/pgfmoduleshapes.code.tex
File: pgfmoduleshapes.code.tex 2014/03/21  (rcs-revision 1.35)
\pgfnodeparttextbox=\box34
) (/usr/share/texlive/texmf-dist/tex/generic/pgf/modules/pgfmoduleplot.code.tex
File: pgfmoduleplot.code.tex 2015/08/03  (rcs-revision 1.13)
)
(/usr/share/texlive/texmf-dist/tex/latex/pgf/compatibility/pgfcomp-version-0-65
.sty
Package: pgfcomp-version-0-65 2007/07/03 v3.0.1a (rcs-revision 1.7)
\pgf@nodesepstart=\dimen143
\pgf@nodesepend=\dimen144
)
(/usr/share/texlive/texmf-dist/tex/latex/pgf/compatibility/pgfcomp-version-1-18
.sty
Package: pgfcomp-version-1-18 2007/07/23 v3.0.1a (rcs-revision 1.1)
)) (/usr/share/texlive/texmf-dist/tex/latex/pgf/utilities/pgffor.sty
(/usr/share/texlive/texmf-dist/tex/latex/pgf/utilities/pgfkeys.sty
(/usr/share/texlive/texmf-dist/tex/generic/pgf/utilities/pgfkeys.code.tex))
(/usr/share/texlive/texmf-dist/tex/latex/pgf/math/pgfmath.sty
(/usr/share/texlive/texmf-dist/tex/generic/pgf/math/pgfmath.code.tex))
(/usr/share/texlive/texmf-dist/tex/generic/pgf/utilities/pgffor.code.tex
Package: pgffor 2013/12/13 v3.0.1a (rcs-revision 1.25)

(/usr/share/texlive/texmf-dist/tex/generic/pgf/math/pgfmath.code.tex)
\pgffor@iter=\dimen145
\pgffor@skip=\dimen146
\pgffor@stack=\toks25
\pgffor@toks=\toks26
))
(/usr/share/texlive/texmf-dist/tex/generic/pgf/frontendlayer/tikz/tikz.code.tex
Package: tikz 2015/08/07 v3.0.1a (rcs-revision 1.151)

(/usr/share/texlive/texmf-dist/tex/generic/pgf/libraries/pgflibraryplothandlers
.code.tex
File: pgflibraryplothandlers.code.tex 2013/08/31 v3.0.1a (rcs-revision 1.20)
\pgf@plot@mark@count=\count102
\pgfplotmarksize=\dimen147
)
\tikz@lastx=\dimen148
\tikz@lasty=\dimen149
\tikz@lastxsaved=\dimen150
\tikz@lastysaved=\dimen151
\tikzleveldistance=\dimen152
\tikzsiblingdistance=\dimen153
\tikz@figbox=\box35
\tikz@figbox@bg=\box36
\tikz@tempbox=\box37
\tikz@tempbox@bg=\box38
\tikztreelevel=\count103
\tikznumberofchildren=\count104
\tikznumberofcurrentchild=\count105
\tikz@fig@count=\count106

(/usr/share/texlive/texmf-dist/tex/generic/pgf/modules/pgfmodulematrix.code.tex
File: pgfmodulematrix.code.tex 2013/09/17  (rcs-revision 1.8)
\pgfmatrixcurrentrow=\count107
\pgfmatrixcurrentcolumn=\count108
\pgf@matrix@numberofcolumns=\count109
)
\tikz@expandcount=\count110

(/usr/share/texlive/texmf-dist/tex/generic/pgf/frontendlayer/tikz/libraries/tik
zlibrarytopaths.code.tex
File: tikzlibrarytopaths.code.tex 2008/06/17 v3.0.1a (rcs-revision 1.2)
)))
(/usr/share/texlive/texmf-dist/tex/generic/pgf/libraries/pgflibraryarrows.meta.
code.tex
File: pgflibraryarrows.meta.code.tex 2015/05/13 v3.0.1a (rcs-revision 1.13)
\pgfarrowinset=\dimen154
\pgfarrowlength=\dimen155
\pgfarrowwidth=\dimen156
\pgfarrowlinewidth=\dimen157
)
(/usr/share/texlive/texmf-dist/tex/generic/pgf/frontendlayer/tikz/libraries/tik
zlibraryshapes.code.tex
File: tikzlibraryshapes.code.tex 2008/01/09 v3.0.1a (rcs-revision 1.1)

(/usr/share/texlive/texmf-dist/tex/generic/pgf/frontendlayer/tikz/libraries/tik
zlibraryshapes.geometric.code.tex
File: tikzlibraryshapes.geometric.code.tex 2008/01/09 v3.0.1a (rcs-revision 1.1
)

(/usr/share/texlive/texmf-dist/tex/generic/pgf/libraries/shapes/pgflibraryshape
s.geometric.code.tex
File: pgflibraryshapes.geometric.code.tex 2008/06/26 v3.0.1a (rcs-revision 1.1)

))
(/usr/share/texlive/texmf-dist/tex/generic/pgf/frontendlayer/tikz/libraries/tik
zlibraryshapes.misc.code.tex
File: tikzlibraryshapes.misc.code.tex 2008/01/09 v3.0.1a (rcs-revision 1.1)

(/usr/share/texlive/texmf-dist/tex/generic/pgf/libraries/shapes/pgflibraryshape
s.misc.code.tex
File: pgflibraryshapes.misc.code.tex 2013/07/18 v3.0.1a (rcs-revision 1.5)
))
(/usr/share/texlive/texmf-dist/tex/generic/pgf/frontendlayer/tikz/libraries/tik
zlibraryshapes.symbols.code.tex
File: tikzlibraryshapes.symbols.code.tex 2008/01/09 v3.0.1a (rcs-revision 1.1)

(/usr/share/texlive/texmf-dist/tex/generic/pgf/libraries/shapes/pgflibraryshape
s.symbols.code.tex
File: pgflibraryshapes.symbols.code.tex 2013/09/11 v3.0.1a (rcs-revision 1.6)
))
(/usr/share/texlive/texmf-dist/tex/generic/pgf/frontendlayer/tikz/libraries/tik
zlibraryshapes.arrows.code.tex
File: tikzlibraryshapes.arrows.code.tex 2008/01/09 v3.0.1a (rcs-revision 1.1)

(/usr/share/texlive/texmf-dist/tex/generic/pgf/libraries/shapes/pgflibraryshape
s.arrows.code.tex
File: pgflibraryshapes.arrows.code.tex 2008/06/26 v3.0.1a (rcs-revision 1.1)
))
(/usr/share/texlive/texmf-dist/tex/generic/pgf/frontendlayer/tikz/libraries/tik
zlibraryshapes.callouts.code.tex
(/usr/share/texlive/texmf-dist/tex/generic/pgf/libraries/shapes/pgflibraryshape
s.callouts.code.tex))
(/usr/share/texlive/texmf-dist/tex/generic/pgf/frontendlayer/tikz/libraries/tik
zlibraryshapes.multipart.code.tex
File: tikzlibraryshapes.multipart.code.tex 2008/01/09 v3.0.1a (rcs-revision 1.1
)

(/usr/share/texlive/texmf-dist/tex/generic/pgf/libraries/shapes/pgflibraryshape
s.multipart.code.tex
File: pgflibraryshapes.multipart.code.tex 2010/01/07 v3.0.1a (rcs-revision 1.2)

\pgfnodepartlowerbox=\box39
\pgfnodeparttwobox=\box40
\pgfnodepartthreebox=\box41
\pgfnodepartfourbox=\box42
\pgfnodeparttwentybox=\box43
\pgfnodepartnineteenbox=\box44
\pgfnodeparteighteenbox=\box45
\pgfnodepartseventeenbox=\box46
\pgfnodepartsixteenbox=\box47
\pgfnodepartfifteenbox=\box48
\pgfnodepartfourteenbox=\box49
\pgfnodepartthirteenbox=\box50
\pgfnodeparttwelvebox=\box51
\pgfnodepartelevenbox=\box52
\pgfnodeparttenbox=\box53
\pgfnodepartninebox=\box54
\pgfnodeparteightbox=\box55
\pgfnodepartsevenbox=\box56
\pgfnodepartsixbox=\box57
\pgfnodepartfivebox=\box58
)))
(/usr/share/texlive/texmf-dist/tex/generic/pgf/frontendlayer/tikz/libraries/tik
zlibrarycalc.code.tex
File: tikzlibrarycalc.code.tex 2013/07/15 v3.0.1a (rcs-revision 1.9)
)
(/usr/share/texlive/texmf-dist/tex/generic/pgf/frontendlayer/tikz/libraries/tik
zlibrarymatrix.code.tex
File: tikzlibrarymatrix.code.tex 2013/07/12 v3.0.1a (rcs-revision 1.4)
)
(/usr/share/texlive/texmf-dist/tex/generic/pgf/frontendlayer/tikz/libraries/tik
zlibraryfit.code.tex
File: tikzlibraryfit.code.tex 2013/07/12 v3.0.1a (rcs-revision 1.5)
)
(/usr/share/texlive/texmf-dist/tex/generic/pgf/frontendlayer/tikz/libraries/tik
zlibrarypositioning.code.tex
File: tikzlibrarypositioning.code.tex 2008/10/06 v3.0.1a (rcs-revision 1.7)
)
(/usr/share/texlive/texmf-dist/tex/generic/pgf/frontendlayer/tikz/libraries/tik
zlibrarybackgrounds.code.tex
File: tikzlibrarybackgrounds.code.tex 2013/07/18 v3.0.1a (rcs-revision 1.3)
\pgf@layerbox@background=\box59
\pgf@layerboxsaved@background=\box60
)
(/usr/share/texlive/texmf-dist/tex/generic/pgf/frontendlayer/tikz/libraries/tik
zlibrarydecorations.markings.code.tex
(/usr/share/texlive/texmf-dist/tex/generic/pgf/frontendlayer/tikz/libraries/tik
zlibrarydecorations.code.tex
(/usr/share/texlive/texmf-dist/tex/generic/pgf/modules/pgfmoduledecorations.cod
e.tex
\pgfdecoratedcompleteddistance=\dimen158
\pgfdecoratedremainingdistance=\dimen159
\pgfdecoratedinputsegmentcompleteddistance=\dimen160
\pgfdecoratedinputsegmentremainingdistance=\dimen161
\pgf@decorate@distancetomove=\dimen162
\pgf@decorate@repeatstate=\count111
\pgfdecorationsegmentamplitude=\dimen163
\pgfdecorationsegmentlength=\dimen164
)
\tikz@lib@dec@box=\box61
)
(/usr/share/texlive/texmf-dist/tex/generic/pgf/libraries/decorations/pgflibrary
decorations.markings.code.tex))
(/usr/share/texlive/texmf-dist/tex/generic/pgf/frontendlayer/tikz/libraries/tik
zlibraryfadings.code.tex
File: tikzlibraryfadings.code.tex 2009/11/15 v3.0.1a (rcs-revision 1.2)

(/usr/share/texlive/texmf-dist/tex/generic/pgf/libraries/pgflibraryfadings.code
.tex
File: pgflibraryfadings.code.tex 2008/02/07 v3.0.1a (rcs-revision 1.3)
)) (/usr/share/texlive/texmf-dist/tex/latex/pgfplots/pgfplots.sty
(/usr/share/texlive/texmf-dist/tex/generic/pgfplots/pgfplots.revision.tex)
Package: pgfplots 2017/06/05 v1.15 Data Visualization (1.15)

(/usr/share/texlive/texmf-dist/tex/generic/pgfplots/pgfplots.code.tex
(/usr/share/texlive/texmf-dist/tex/generic/pgfplots/pgfplotscore.code.tex
\t@pgfplots@toka=\toks27
\t@pgfplots@tokb=\toks28
\t@pgfplots@tokc=\toks29
\pgfplots@tmpa=\dimen165
\c@pgfplots@coordindex=\count112
\c@pgfplots@scanlineindex=\count113

(/usr/share/texlive/texmf-dist/tex/generic/pgfplots/sys/pgfplotssysgeneric.code
.tex))
(/usr/share/texlive/texmf-dist/tex/generic/pgfplots/libs/pgfplotslibrary.code.t
ex)
(/usr/share/texlive/texmf-dist/tex/generic/pgfplots/oldpgfcompatib/pgfplotsoldp
gfsupp_loader.code.tex
(/usr/share/texlive/texmf-dist/tex/generic/pgf/libraries/pgflibraryfpu.code.tex
)
Package pgfplots: loading complementary arithmetics for your pgf version...

(/usr/share/texlive/texmf-dist/tex/generic/pgfplots/oldpgfcompatib/pgfplotsoldp
gfsupp_pgflibraryfpu.code.tex)
(/usr/share/texlive/texmf-dist/tex/generic/pgfplots/oldpgfcompatib/pgfplotsoldp
gfsupp_pgfmathfloat.code.tex
\c@pgfmathroundto@lastzeros=\count114
))
(/usr/share/texlive/texmf-dist/tex/generic/pgfplots/util/pgfplotsutil.code.tex
(/usr/share/texlive/texmf-dist/tex/generic/pgfplots/liststructure/pgfplotslists
tructure.code.tex)
(/usr/share/texlive/texmf-dist/tex/generic/pgfplots/liststructure/pgfplotslists
tructureext.code.tex)
(/usr/share/texlive/texmf-dist/tex/generic/pgfplots/liststructure/pgfplotsarray
.code.tex
\c@pgfplotsarray@tmp=\count115
)
(/usr/share/texlive/texmf-dist/tex/generic/pgfplots/liststructure/pgfplotsmatri
x.code.tex)
(/usr/share/texlive/texmf-dist/tex/generic/pgfplots/numtable/pgfplotstableshare
d.code.tex
\c@pgfplotstable@counta=\count116
\t@pgfplotstable@a=\toks30
)
(/usr/share/texlive/texmf-dist/tex/generic/pgfplots/liststructure/pgfplotsdeque
.code.tex)
(/usr/share/texlive/texmf-dist/tex/generic/pgfplots/util/pgfplotsbinary.code.te
x
(/usr/share/texlive/texmf-dist/tex/generic/pgfplots/util/pgfplotsbinary.data.co
de.tex))
(/usr/share/texlive/texmf-dist/tex/generic/pgfplots/util/pgfplotsutil.verb.code
.tex)
(/usr/share/texlive/texmf-dist/tex/generic/pgfplots/libs/pgflibrarypgfplots.sur
fshading.code.tex
\c@pgfplotslibrarysurf@no=\count117

(/usr/share/texlive/texmf-dist/tex/generic/pgfplots/sys/pgflibrarypgfplots.surf
shading.pgfsys-pdftex.def)))
(/usr/share/texlive/texmf-dist/tex/generic/pgfplots/util/pgfplotscolormap.code.
tex
(/usr/share/texlive/texmf-dist/tex/generic/pgfplots/util/pgfplotscolor.code.tex
))
(/usr/share/texlive/texmf-dist/tex/generic/pgfplots/pgfplotsstackedplots.code.t
ex)
(/usr/share/texlive/texmf-dist/tex/generic/pgfplots/pgfplotsplothandlers.code.t
ex
(/usr/share/texlive/texmf-dist/tex/generic/pgfplots/pgfplotsmeshplothandler.cod
e.tex
(/usr/share/texlive/texmf-dist/tex/generic/pgfplots/pgfplotsmeshplotimage.code.
tex)))
(/usr/share/texlive/texmf-dist/tex/generic/pgfplots/pgfplots.scaling.code.tex)
(/usr/share/texlive/texmf-dist/tex/generic/pgfplots/pgfplotscoordprocessing.cod
e.tex)
(/usr/share/texlive/texmf-dist/tex/generic/pgfplots/pgfplots.errorbars.code.tex
) (/usr/share/texlive/texmf-dist/tex/generic/pgfplots/pgfplots.markers.code.tex
) (/usr/share/texlive/texmf-dist/tex/generic/pgfplots/pgfplotsticks.code.tex)
(/usr/share/texlive/texmf-dist/tex/generic/pgfplots/pgfplots.paths.code.tex)
(/usr/share/texlive/texmf-dist/tex/generic/pgf/frontendlayer/tikz/libraries/tik
zlibrarydecorations.pathmorphing.code.tex
(/usr/share/texlive/texmf-dist/tex/generic/pgf/libraries/decorations/pgflibrary
decorations.pathmorphing.code.tex))
(/usr/share/texlive/texmf-dist/tex/generic/pgf/frontendlayer/tikz/libraries/tik
zlibrarydecorations.pathreplacing.code.tex
(/usr/share/texlive/texmf-dist/tex/generic/pgf/libraries/decorations/pgflibrary
decorations.pathreplacing.code.tex))
\pgfplots@numplots=\count118
\pgfplots@xmin@reg=\dimen166
\pgfplots@xmax@reg=\dimen167
\pgfplots@ymin@reg=\dimen168
\pgfplots@ymax@reg=\dimen169
\pgfplots@zmin@reg=\dimen170
\pgfplots@zmax@reg=\dimen171
)
(/usr/share/texlive/texmf-dist/tex/generic/pgf/frontendlayer/tikz/libraries/tik
zlibraryplotmarks.code.tex
File: tikzlibraryplotmarks.code.tex 2008/01/09 v3.0.1a (rcs-revision 1.1)

(/usr/share/texlive/texmf-dist/tex/generic/pgf/libraries/pgflibraryplotmarks.co
de.tex
File: pgflibraryplotmarks.code.tex 2015/08/03 v3.0.1a (rcs-revision 1.14)
))) (/usr/share/texlive/texmf-dist/tex/latex/pgfplots/pgfplotstable.sty
(/usr/share/texlive/texmf-dist/tex/generic/pgfplots/pgfplots.revision.tex)
Package: pgfplotstable 2017/06/05 v1.15 Table typesetting and Pretty-printing (
1.15)

(/usr/share/texlive/texmf-dist/tex/generic/pgfplots/numtable/pgfplotstable.code
.tex
(/usr/share/texlive/texmf-dist/tex/generic/pgfplots/numtable/pgfplotstable.colt
ype.code.tex)) (/usr/share/texlive/texmf-dist/tex/latex/tools/array.sty
Package: array 2016/10/06 v2.4d Tabular extension package (FMi)
\col@sep=\dimen172
\extrarowheight=\dimen173
\NC@list=\toks31
\extratabsurround=\skip45
\backup@length=\skip46
))
(/usr/share/texlive/texmf-dist/tex/generic/xstring/xstring.sty
(/usr/share/texlive/texmf-dist/tex/generic/xstring/xstring.tex
\@xs@message=\write4
\integerpart=\count119
\decimalpart=\count120
)
Package: xstring 2013/10/13  v1.7c  String manipulations (C Tellechea)
)
(/usr/share/texlive/texmf-dist/tex/generic/pgfplots/libs/tikzlibrarypgfplots.ex
ternal.code.tex
(/usr/share/texlive/texmf-dist/tex/latex/pgf/frontendlayer/libraries/tikzlibrar
yexternal.code.tex
(/usr/share/texlive/texmf-dist/tex/generic/oberdiek/pdftexcmds.sty
Package: pdftexcmds 2018/01/21 v0.26 Utility functions of pdfTeX for LuaTeX (HO
)

(/usr/share/texlive/texmf-dist/tex/generic/oberdiek/infwarerr.sty
Package: infwarerr 2016/05/16 v1.4 Providing info/warning/error messages (HO)
)
(/usr/share/texlive/texmf-dist/tex/generic/oberdiek/ifluatex.sty
Package: ifluatex 2016/05/16 v1.4 Provides the ifluatex switch (HO)
Package ifluatex Info: LuaTeX not detected.
)
(/usr/share/texlive/texmf-dist/tex/generic/oberdiek/ltxcmds.sty
Package: ltxcmds 2016/05/16 v1.23 LaTeX kernel commands for general use (HO)
)
(/usr/share/texlive/texmf-dist/tex/generic/oberdiek/ifpdf.sty
Package: ifpdf 2017/03/15 v3.2 Provides the ifpdf switch
)
Package pdftexcmds Info: LuaTeX not detected.
Package pdftexcmds Info: \pdf@primitive is available.
Package pdftexcmds Info: \pdf@ifprimitive is available.
Package pdftexcmds Info: \pdfdraftmode found.
)
(/usr/share/texlive/texmf-dist/tex/generic/pgf/frontendlayer/tikz/libraries/tik
zexternalshared.code.tex))
Package pgfplots external lib: loading complementary code for your PGF version.
..

(/usr/share/texlive/texmf-dist/tex/generic/pgfplots/oldpgfcompatib/pgfplotsoldp
gfsupp_pgfcoreexternal.code.tex
File: pgfcoreexternal.code.tex 2015/08/29  (rcs-revision 1.22)
\pgfexternal@startupbox=\box62
)
(/usr/share/texlive/texmf-dist/tex/generic/pgfplots/oldpgfcompatib/pgfplotsoldp
gfsupp_tikzlibraryexternal.code.tex
(/usr/share/texlive/texmf-dist/tex/latex/oberdiek/atveryend.sty
Package: atveryend 2016/05/16 v1.9 Hooks at the very end of document (HO)
Package atveryend Info: \enddocument detected (standard20110627).
)
(/usr/share/texlive/texmf-dist/tex/generic/pgfplots/oldpgfcompatib/pgfplotsoldp
gfsupp_tikzexternalshared.code.tex)))
\pgf@layerbox@bg4=\box63
\pgf@layerboxsaved@bg4=\box64
\pgf@layerbox@bg3=\box65
\pgf@layerboxsaved@bg3=\box66
\pgf@layerbox@bg2=\box67
\pgf@layerboxsaved@bg2=\box68
\pgf@layerbox@bg1=\box69
\pgf@layerboxsaved@bg1=\box70
\pgf@layerbox@fg1=\box71
\pgf@layerboxsaved@fg1=\box72
\pgf@layerbox@fg2=\box73
\pgf@layerboxsaved@fg2=\box74
\pgf@layerbox@fg3=\box75
\pgf@layerboxsaved@fg3=\box76
\pgf@layerbox@fg4=\box77
\pgf@layerboxsaved@fg4=\box78
)
(/usr/share/texlive/texmf-dist/tex/latex/psnfss/times.sty
Package: times 2005/04/12 PSNFSS-v9.2a (SPQR) 
)
(/usr/share/texlive/texmf-dist/tex/latex/graphics/epsfig.sty
Package: epsfig 2017/06/25 v1.7b (e)psfig emulation (SPQR)
\epsfxsize=\dimen174
\epsfysize=\dimen175
)
(/usr/share/texlive/texmf-dist/tex/latex/amsmath/amsmath.sty
Package: amsmath 2017/09/02 v2.17a AMS math features
\@mathmargin=\skip47

For additional information on amsmath, use the `?' option.
(/usr/share/texlive/texmf-dist/tex/latex/amsmath/amstext.sty
Package: amstext 2000/06/29 v2.01 AMS text

(/usr/share/texlive/texmf-dist/tex/latex/amsmath/amsgen.sty
File: amsgen.sty 1999/11/30 v2.0 generic functions
\@emptytoks=\toks32
\ex@=\dimen176
))
(/usr/share/texlive/texmf-dist/tex/latex/amsmath/amsbsy.sty
Package: amsbsy 1999/11/29 v1.2d Bold Symbols
\pmbraise@=\dimen177
)
(/usr/share/texlive/texmf-dist/tex/latex/amsmath/amsopn.sty
Package: amsopn 2016/03/08 v2.02 operator names
)
\inf@bad=\count121
LaTeX Info: Redefining \frac on input line 213.
\uproot@=\count122
\leftroot@=\count123
LaTeX Info: Redefining \overline on input line 375.
\classnum@=\count124
\DOTSCASE@=\count125
LaTeX Info: Redefining \ldots on input line 472.
LaTeX Info: Redefining \dots on input line 475.
LaTeX Info: Redefining \cdots on input line 596.
\Mathstrutbox@=\box79
\strutbox@=\box80
\big@size=\dimen178
LaTeX Font Info:    Redeclaring font encoding OML on input line 712.
LaTeX Font Info:    Redeclaring font encoding OMS on input line 713.
\macc@depth=\count126
\c@MaxMatrixCols=\count127
\dotsspace@=\muskip10
\c@parentequation=\count128
\dspbrk@lvl=\count129
\tag@help=\toks33
\row@=\count130
\column@=\count131
\maxfields@=\count132
\andhelp@=\toks34
\eqnshift@=\dimen179
\alignsep@=\dimen180
\tagshift@=\dimen181
\tagwidth@=\dimen182
\totwidth@=\dimen183
\lineht@=\dimen184
\@envbody=\toks35
\multlinegap=\skip48
\multlinetaggap=\skip49
\mathdisplay@stack=\toks36
LaTeX Info: Redefining \[ on input line 2817.
LaTeX Info: Redefining \] on input line 2818.
)
(/usr/share/texlive/texmf-dist/tex/latex/amsfonts/amssymb.sty
Package: amssymb 2013/01/14 v3.01 AMS font symbols

(/usr/share/texlive/texmf-dist/tex/latex/amsfonts/amsfonts.sty
Package: amsfonts 2013/01/14 v3.01 Basic AMSFonts support
\symAMSa=\mathgroup4
\symAMSb=\mathgroup5
LaTeX Font Info:    Overwriting math alphabet `\mathfrak' in version `bold'
(Font)                  U/euf/m/n --> U/euf/b/n on input line 106.
))
(/usr/share/texlive/texmf-dist/tex/latex/float/float.sty
Package: float 2001/11/08 v1.3d Float enhancements (AL)
\c@float@type=\count133
\float@exts=\toks37
\float@box=\box81
\@float@everytoks=\toks38
\@floatcapt=\box82
)
(/usr/share/texlive/texmf-dist/tex/latex/multirow/multirow.sty
Package: multirow 2016/11/25 v2.2 Span multiple rows of a table
\multirow@colwidth=\skip50
\multirow@cntb=\count134
\multirow@dima=\skip51
\bigstrutjot=\dimen185
)
(/usr/share/texlive/texmf-dist/tex/latex/natbib/natbib.sty
Package: natbib 2010/09/13 8.31b (PWD, AO)
\bibhang=\skip52
\bibsep=\skip53
LaTeX Info: Redefining \cite on input line 694.
\c@NAT@ctr=\count135
)
(/usr/share/texlive/texmf-dist/tex/latex/enumitem/enumitem.sty
Package: enumitem 2011/09/28 v3.5.2 Customized lists
\labelindent=\skip54
\enit@outerparindent=\dimen186
\enit@toks=\toks39
\enit@inbox=\box83
\enitdp@description=\count136
)
(/usr/share/texlive/texmf-dist/tex/latex/booktabs/booktabs.sty
Package: booktabs 2016/04/27 v1.618033 publication quality tables
\heavyrulewidth=\dimen187
\lightrulewidth=\dimen188
\cmidrulewidth=\dimen189
\belowrulesep=\dimen190
\belowbottomsep=\dimen191
\aboverulesep=\dimen192
\abovetopsep=\dimen193
\cmidrulesep=\dimen194
\cmidrulekern=\dimen195
\defaultaddspace=\dimen196
\@cmidla=\count137
\@cmidlb=\count138
\@aboverulesep=\dimen197
\@belowrulesep=\dimen198
\@thisruleclass=\count139
\@lastruleclass=\count140
\@thisrulewidth=\dimen199
)
(/usr/share/texlive/texmf-dist/tex/latex/bbm-macros/bbm.sty
Package: bbm 1999/03/15 V 1.2 provides fonts for set symbols - TH
LaTeX Font Info:    Overwriting math alphabet `\mathbbm' in version `bold'
(Font)                  U/bbm/m/n --> U/bbm/bx/n on input line 33.
LaTeX Font Info:    Overwriting math alphabet `\mathbbmss' in version `bold'
(Font)                  U/bbmss/m/n --> U/bbmss/bx/n on input line 35.
)
(/usr/share/texlive/texmf-dist/tex/latex/colortbl/colortbl.sty
Package: colortbl 2012/02/13 v1.0a Color table columns (DPC)
\everycr=\toks40
\minrowclearance=\skip55
)
(/usr/share/texlive/texmf-dist/tex/latex/hyperref/hyperref.sty
Package: hyperref 2018/02/06 v6.86b Hypertext links for LaTeX

(/usr/share/texlive/texmf-dist/tex/generic/oberdiek/hobsub-hyperref.sty
Package: hobsub-hyperref 2016/05/16 v1.14 Bundle oberdiek, subset hyperref (HO)


(/usr/share/texlive/texmf-dist/tex/generic/oberdiek/hobsub-generic.sty
Package: hobsub-generic 2016/05/16 v1.14 Bundle oberdiek, subset generic (HO)
Package: hobsub 2016/05/16 v1.14 Construct package bundles (HO)
Package hobsub Info: Skipping package `infwarerr' (already loaded).
Package hobsub Info: Skipping package `ltxcmds' (already loaded).
Package hobsub Info: Skipping package `ifluatex' (already loaded).
Package: ifvtex 2016/05/16 v1.6 Detect VTeX and its facilities (HO)
Package ifvtex Info: VTeX not detected.
Package: intcalc 2016/05/16 v1.2 Expandable calculations with integers (HO)
Package hobsub Info: Skipping package `ifpdf' (already loaded).
Package: etexcmds 2016/05/16 v1.6 Avoid name clashes with e-TeX commands (HO)
Package etexcmds Info: Could not find \expanded.
(etexcmds)             That can mean that you are not using pdfTeX 1.50 or
(etexcmds)             that some package has redefined \expanded.
(etexcmds)             In the latter case, load this package earlier.
Package: kvsetkeys 2016/05/16 v1.17 Key value parser (HO)
Package: kvdefinekeys 2016/05/16 v1.4 Define keys (HO)
Package hobsub Info: Skipping package `pdftexcmds' (already loaded).
Package: pdfescape 2016/05/16 v1.14 Implements pdfTeX's escape features (HO)
Package: bigintcalc 2016/05/16 v1.4 Expandable calculations on big integers (HO
)
Package: bitset 2016/05/16 v1.2 Handle bit-vector datatype (HO)
Package: uniquecounter 2016/05/16 v1.3 Provide unlimited unique counter (HO)
)
Package hobsub Info: Skipping package `hobsub' (already loaded).
Package: letltxmacro 2016/05/16 v1.5 Let assignment for LaTeX macros (HO)
Package: hopatch 2016/05/16 v1.3 Wrapper for package hooks (HO)
Package: xcolor-patch 2016/05/16 xcolor patch
Package hobsub Info: Skipping package `atveryend' (already loaded).
Package: atbegshi 2016/06/09 v1.18 At begin shipout hook (HO)
Package: refcount 2016/05/16 v3.5 Data extraction from label references (HO)
Package: hycolor 2016/05/16 v1.8 Color options for hyperref/bookmark (HO)
)
(/usr/share/texlive/texmf-dist/tex/generic/ifxetex/ifxetex.sty
Package: ifxetex 2010/09/12 v0.6 Provides ifxetex conditional
)
(/usr/share/texlive/texmf-dist/tex/latex/oberdiek/auxhook.sty
Package: auxhook 2016/05/16 v1.4 Hooks for auxiliary files (HO)
)
(/usr/share/texlive/texmf-dist/tex/latex/oberdiek/kvoptions.sty
Package: kvoptions 2016/05/16 v3.12 Key value format for package options (HO)
)
\@linkdim=\dimen256
\Hy@linkcounter=\count141
\Hy@pagecounter=\count142

(/usr/share/texlive/texmf-dist/tex/latex/hyperref/pd1enc.def
File: pd1enc.def 2018/02/06 v6.86b Hyperref: PDFDocEncoding definition (HO)
)
\Hy@SavedSpaceFactor=\count143

(/usr/share/texlive/texmf-dist/tex/latex/latexconfig/hyperref.cfg
File: hyperref.cfg 2002/06/06 v1.2 hyperref configuration of TeXLive
)
Package hyperref Info: Option `breaklinks' set `true' on input line 4383.


Package hyperref Warning: Option `letterpaper' is no longer used.

Package hyperref Info: Option `colorlinks' set `true' on input line 4383.
Package hyperref Info: Option `bookmarks' set `false' on input line 4383.
Package hyperref Info: Hyper figures OFF on input line 4509.
Package hyperref Info: Link nesting OFF on input line 4514.
Package hyperref Info: Hyper index ON on input line 4517.
Package hyperref Info: Plain pages OFF on input line 4524.
Package hyperref Info: Backreferencing ON on input line 4527.
Package hyperref Info: Implicit mode ON; LaTeX internals redefined.
Package hyperref Info: Bookmarks OFF on input line 4768.
(/usr/share/texlive/texmf-dist/tex/latex/hyperref/backref.sty
Package: backref 2016/05/21 v1.39 Bibliographical back referencing

(/usr/share/texlive/texmf-dist/tex/latex/oberdiek/rerunfilecheck.sty
Package: rerunfilecheck 2016/05/16 v1.8 Rerun checks for auxiliary files (HO)
Package uniquecounter Info: New unique counter `rerunfilecheck' on input line 2
82.
))
\c@Hy@tempcnt=\count144

(/usr/share/texlive/texmf-dist/tex/latex/url/url.sty
\Urlmuskip=\muskip11
Package: url 2013/09/16  ver 3.4  Verb mode for urls, etc.
)
LaTeX Info: Redefining \url on input line 5115.
\XeTeXLinkMargin=\dimen257
\Fld@menulength=\count145
\Field@Width=\dimen258
\Fld@charsize=\dimen259
Package hyperref Info: Hyper figures OFF on input line 6369.
Package hyperref Info: Link nesting OFF on input line 6374.
Package hyperref Info: Hyper index ON on input line 6377.
Package hyperref Info: backreferencing ON on input line 6382.
Package hyperref Info: Link coloring ON on input line 6387.
Package hyperref Info: Link coloring with OCG OFF on input line 6394.
Package hyperref Info: PDF/A mode OFF on input line 6399.
LaTeX Info: Redefining \ref on input line 6439.
LaTeX Info: Redefining \pageref on input line 6443.
\Hy@abspage=\count146
\c@Item=\count147
\c@Hfootnote=\count148
)
Package hyperref Info: Driver (autodetected): hpdftex.

(/usr/share/texlive/texmf-dist/tex/latex/hyperref/hpdftex.def
File: hpdftex.def 2018/02/06 v6.86b Hyperref driver for pdfTeX
\Fld@listcount=\count149
\c@bookmark@seq@number=\count150
\Hy@SectionHShift=\skip56
)
No file main.aux.
\openout1 = `main.aux'.

LaTeX Font Info:    Checking defaults for OML/cmm/m/it on input line 55.
LaTeX Font Info:    ... okay on input line 55.
LaTeX Font Info:    Checking defaults for T1/cmr/m/n on input line 55.
LaTeX Font Info:    ... okay on input line 55.
LaTeX Font Info:    Checking defaults for OT1/cmr/m/n on input line 55.
LaTeX Font Info:    ... okay on input line 55.
LaTeX Font Info:    Checking defaults for OMS/cmsy/m/n on input line 55.
LaTeX Font Info:    ... okay on input line 55.
LaTeX Font Info:    Checking defaults for OMX/cmex/m/n on input line 55.
LaTeX Font Info:    ... okay on input line 55.
LaTeX Font Info:    Checking defaults for U/cmr/m/n on input line 55.
LaTeX Font Info:    ... okay on input line 55.
LaTeX Font Info:    Checking defaults for PD1/pdf/m/n on input line 55.
LaTeX Font Info:    ... okay on input line 55.
LaTeX Font Info:    Try loading font information for OT1+ptm on input line 55.
(/usr/share/texlive/texmf-dist/tex/latex/psnfss/ot1ptm.fd
File: ot1ptm.fd 2001/06/04 font definitions for OT1/ptm.
)
ABD: EveryShipout initializing macros
(/usr/share/texlive/texmf-dist/tex/context/base/mkii/supp-pdf.mkii
[Loading MPS to PDF converter (version 2006.09.02).]
\scratchcounter=\count151
\scratchdimen=\dimen260
\scratchbox=\box84
\nofMPsegments=\count152
\nofMParguments=\count153
\everyMPshowfont=\toks41
\MPscratchCnt=\count154
\MPscratchDim=\dimen261
\MPnumerator=\count155
\makeMPintoPDFobject=\count156
\everyMPtoPDFconversion=\toks42
) (/usr/share/texlive/texmf-dist/tex/latex/oberdiek/epstopdf-base.sty
Package: epstopdf-base 2016/05/15 v2.6 Base part for package epstopdf

(/usr/share/texlive/texmf-dist/tex/latex/oberdiek/grfext.sty
Package: grfext 2016/05/16 v1.2 Manage graphics extensions (HO)
)
Package epstopdf-base Info: Redefining graphics rule for `.eps' on input line 4
38.
Package grfext Info: Graphics extension search list:
(grfext)             [.pdf,.png,.jpg,.mps,.jpeg,.jbig2,.jb2,.PDF,.PNG,.JPG,.JPE
G,.JBIG2,.JB2,.eps]
(grfext)             \AppendGraphicsExtensions on input line 456.

(/usr/share/texlive/texmf-dist/tex/latex/latexconfig/epstopdf-sys.cfg
File: epstopdf-sys.cfg 2010/07/13 v1.3 Configuration of (r)epstopdf for TeX Liv
e
))
Package pgfplots notification 'compat/show suggested version=true': you might b
enefit from \pgfplotsset{compat=1.15} (current compat level: 1.9).

\AtBeginShipoutBox=\box85
Package backref Info: ** backref set up for natbib ** on input line 55.
Package hyperref Info: Link coloring ON on input line 55.
(/usr/share/texlive/texmf-dist/tex/latex/hyperref/nameref.sty
Package: nameref 2016/05/21 v2.44 Cross-referencing by name of section

(/usr/share/texlive/texmf-dist/tex/generic/oberdiek/gettitlestring.sty
Package: gettitlestring 2016/05/16 v1.5 Cleanup title references (HO)
)
\c@section@level=\count157
)
LaTeX Info: Redefining \ref on input line 55.
LaTeX Info: Redefining \pageref on input line 55.
LaTeX Info: Redefining \nameref on input line 55.

(./tex/abbrev.tex
LaTeX Info: Redefining \onedot on input line 212.
) (./tex/defn.tex) (./tex/intro.tex
LaTeX Font Info:    Font shape `OT1/ptm/bx/n' in size <12> not available
(Font)              Font shape `OT1/ptm/b/n' tried instead on input line 1.
LaTeX Font Info:    Font shape `OT1/ptm/bx/n' in size <10> not available
(Font)              Font shape `OT1/ptm/b/n' tried instead on input line 4.


Package natbib Warning: Citation `he2016deep' on page 1 undefined on input line
 4.


Package natbib Warning: Citation `liu2022convnet' on page 1 undefined on input 
line 4.


Package natbib Warning: Citation `zhou2016learning' on page 1 undefined on inpu
t line 4.


Package natbib Warning: Citation `DBLP:journals/corr/SelvarajuDVCPB16' on page 
1 undefined on input line 4.


Package natbib Warning: Citation `DBLP:journals/corr/abs-1710-11063' on page 1 
undefined on input line 4.


Package natbib Warning: Citation `DBLP:journals/corr/abs-1910-01279' on page 1 
undefined on input line 4.


Package natbib Warning: Citation `dosovitskiy2020image' on page 1 undefined on 
input line 8.


Package natbib Warning: Citation `dino' on page 1 undefined on input line 9.


Package natbib Warning: Citation `chefer2021transformer' on page 1 undefined on
 input line 9.

LaTeX Font Info:    Font shape `OT1/ptm/bx/sc' in size <10> not available
(Font)              Font shape `OT1/ptm/b/sc' tried instead on input line 13.

Package natbib Warning: Citation `DBLP:journals/corr/abs-1910-01279' on page 1 
undefined on input line 15.


Package natbib Warning: Citation `DBLP:journals/corr/abs-1710-11063' on page 1 
undefined on input line 15.


Package natbib Warning: Citation `petsiuk2018rise' on page 1 undefined on input
 line 15.


LaTeX Warning: Reference `subsec:motiv' on page 1 undefined on input line 25.


LaTeX Warning: Reference `subsec:CA-base' on page 1 undefined on input line 26.



LaTeX Warning: Reference `sec:exp' on page 1 undefined on input line 27.

) (./tex/related.tex

Package natbib Warning: Citation `lipton18' on page 1 undefined on input line 5
.


Package natbib Warning: Citation `guidotti2018survey' on page 1 undefined on in
put line 5.


Package natbib Warning: Citation `zhang2021survey' on page 1 undefined on input
 line 5.


Underfull \hbox (badness 1005) in paragraph at lines 7--8
[]\OT1/ptm/m/it/10 Post-hoc in-ter-pretabil-ity \OT1/ptm/m/n/10 con-sid-ers the
 model as a
 []


Package natbib Warning: Citation `adebayo2018local' on page 1 undefined on inpu
t line 13.


Package natbib Warning: Citation `springenberg2014striving' on page 1 undefined
 on input line 13.


Package natbib Warning: Citation `baehrens2010explain' on page 1 undefined on i
nput line 13.


Package natbib Warning: Citation `simonyan2013deep' on page 1 undefined on inpu
t line 13.


Package natbib Warning: Citation `smilkov2017smoothgrad' on page 1 undefined on
 input line 13.


Package natbib Warning: Citation `bach2015pixel' on page 1 undefined on input l
ine 13.


Package natbib Warning: Citation `sundararajan2017axiomatic' on page 1 undefine
d on input line 13.


Package natbib Warning: Citation `DBLP:journals/corr/abs-1910-01279' on page 1 
undefined on input line 13.


Package natbib Warning: Citation `DBLP:journals/corr/abs-1710-11063' on page 1 
undefined on input line 13.


Package natbib Warning: Citation `DBLP:journals/corr/SelvarajuDVCPB16' on page 
1 undefined on input line 13.


Package natbib Warning: Citation `fu2020axiom' on page 1 undefined on input lin
e 13.


Package natbib Warning: Citation `jiang2021layercam' on page 1 undefined on inp
ut line 13.


Package natbib Warning: Citation `ramaswamy2020ablation' on page 1 undefined on
 input line 13.


Package natbib Warning: Citation `petsiuk2018rise' on page 1 undefined on input
 line 13.


Package natbib Warning: Citation `fong2017interpretable' on page 1 undefined on
 input line 13.


Package natbib Warning: Citation `fong2019understanding' on page 1 undefined on
 input line 13.


Package natbib Warning: Citation `schulz2020restricting' on page 1 undefined on
 input line 13.


Package natbib Warning: Citation `ribeiro2016should' on page 1 undefined on inp
ut line 13.


Package natbib Warning: Citation `schulz2020restricting' on page 1 undefined on
 input line 13.


Package natbib Warning: Citation `chang2018explaining' on page 1 undefined on i
nput line 13.


Package natbib Warning: Citation `dabkowski2017real' on page 1 undefined on inp
ut line 13.


Package natbib Warning: Citation `phang2020investigating' on page 1 undefined o
n input line 13.


Package natbib Warning: Citation `zolna2020classifier' on page 1 undefined on i
nput line 13.


Package natbib Warning: Citation `schulz2020restricting' on page 1 undefined on
 input line 13.


Underfull \hbox (badness 2189) in paragraph at lines 15--16
[]\OT1/ptm/m/n/10 Our method shares sim-i-lar-i-ties with learning-based
 []

LaTeX Font Info:    Try loading font information for OT1+phv on input line 16.
(/usr/share/texlive/texmf-dist/tex/latex/psnfss/ot1phv.fd
File: ot1phv.fd 2001/06/04 scalable font definitions for OT1/phv.
)
LaTeX Font Info:    Try loading font information for U+msa on input line 16.

(/usr/share/texlive/texmf-dist/tex/latex/amsfonts/umsa.fd
File: umsa.fd 2013/01/14 v3.01 AMS symbols A
)
LaTeX Font Info:    Try loading font information for U+msb on input line 16.

(/usr/share/texlive/texmf-dist/tex/latex/amsfonts/umsb.fd
File: umsb.fd 2013/01/14 v3.01 AMS symbols B
) [1{/var/lib/texmf/fonts/map/pdftex/updmap/pdftex.map}

]

Package natbib Warning: Citation `wu2018beyond' on page 2 undefined on input li
ne 19.


Package natbib Warning: Citation `wu2020regional' on page 2 undefined on input 
line 19.


Package natbib Warning: Citation `bau2017network' on page 2 undefined on input 
line 21.


Package natbib Warning: Citation `zhou2018interpreting' on page 2 undefined on 
input line 21.


Package natbib Warning: Citation `zhang2018interpretable' on page 2 undefined o
n input line 21.


Package natbib Warning: Citation `zhou2014object' on page 2 undefined on input 
line 21.


Package natbib Warning: Citation `li2018deep' on page 2 undefined on input line
 22.


Package natbib Warning: Citation `chen2019looks' on page 2 undefined on input l
ine 22.


Package natbib Warning: Citation `ismail2021improving' on page 2 undefined on i
nput line 22.


Package natbib Warning: Citation `Zhou_2022_BMVC' on page 2 undefined on input 
line 22.


Package natbib Warning: Citation `ross2017right' on page 2 undefined on input l
ine 22.


Package natbib Warning: Citation `ghaeini2019saliency' on page 2 undefined on i
nput line 22.


Package natbib Warning: Citation `ross2017right' on page 2 undefined on input l
ine 22.


Package natbib Warning: Citation `ghaeini2019saliency' on page 2 undefined on i
nput line 22.


Package natbib Warning: Citation `Zhou_2022_BMVC' on page 2 undefined on input 
line 22.


Package natbib Warning: Citation `schulz2020restricting' on page 2 undefined on
 input line 22.


Package natbib Warning: Citation `ismail2021improving' on page 2 undefined on i
nput line 22.


Package natbib Warning: Citation `bello2019attention' on page 2 undefined on in
put line 30.


Package natbib Warning: Citation `ramachandran2019stand' on page 2 undefined on
 input line 30.


Package natbib Warning: Citation `shen2020global' on page 2 undefined on input 
line 30.


Package natbib Warning: Citation `dosovitskiy2020image' on page 2 undefined on 
input line 30.


Package natbib Warning: Citation `graham2021levit' on page 2 undefined on input
 line 30.


Package natbib Warning: Citation `xiao2021early' on page 2 undefined on input l
ine 30.


Package natbib Warning: Citation `liu2021swin' on page 2 undefined on input lin
e 30.


Package natbib Warning: Citation `heo2021rethinking' on page 2 undefined on inp
ut line 30.


Package natbib Warning: Citation `peng2021conformer' on page 2 undefined on inp
ut line 32.


Package natbib Warning: Citation `li2021scouter' on page 2 undefined on input l
ine 32.


Package natbib Warning: Citation `locatello2020object' on page 2 undefined on i
nput line 32.


Package natbib Warning: Citation `touvron2021augmenting' on page 2 undefined on
 input line 32.

) (./tex/method.tex
<fig/CA-CAM.pdf, id=50, 910.40125pt x 219.82124pt>
File: fig/CA-CAM.pdf Graphic file (type pdf)
<use fig/CA-CAM.pdf>
Package pdftex.def Info: fig/CA-CAM.pdf  used on input line 7.
(pdftex.def)             Requested size: 347.79785pt x 83.97903pt.
LaTeX Font Info:    Font shape `OT1/ptm/bx/n' in size <9> not available
(Font)              Font shape `OT1/ptm/b/n' tried instead on input line 9.


LaTeX Warning: Reference `eq:connection' on page 2 undefined on input line 9.


Package natbib Warning: Citation `dosovitskiy2020image' on page 2 undefined on 
input line 9.


Package natbib Warning: Citation `zhou2016learning' on page 2 undefined on inpu
t line 9.


LaTeX Warning: Reference `eq:connection' on page 2 undefined on input line 9.


LaTeX Warning: Reference `eq:connection' on page 2 undefined on input line 9.


Package natbib Warning: Citation `dosovitskiy2020image' on page 2 undefined on 
input line 9.


Package natbib Warning: Citation `zhou2016learning' on page 2 undefined on inpu
t line 9.


LaTeX Warning: Reference `eq:connection' on page 2 undefined on input line 9.


Package natbib Warning: Citation `zhou2016learning' on page 2 undefined on inpu
t line 28.


Package natbib Warning: Citation `DBLP:journals/corr/SelvarajuDVCPB16' on page 
2 undefined on input line 28.


Package natbib Warning: Citation `dosovitskiy2020image' on page 2 undefined on 
input line 38.

[2]

LaTeX Warning: Reference `eq:attention' on page 3 undefined on input line 57.


LaTeX Warning: Reference `eq:cross-attention' on page 3 undefined on input line
 62.


LaTeX Warning: Reference `eq:sal' on page 3 undefined on input line 68.


LaTeX Warning: Reference `eq:connection' on page 3 undefined on input line 68.


LaTeX Warning: Reference `fig:connection' on page 3 undefined on input line 68.



LaTeX Warning: Reference `eq:sal' on page 3 undefined on input line 74.


LaTeX Warning: Reference `eq:connection' on page 3 undefined on input line 74.


LaTeX Warning: Reference `eq:connection' on page 3 undefined on input line 74.


LaTeX Warning: Reference `sec:gen_ablation' on page 3 undefined on input line 7
4.


LaTeX Warning: Reference `eq:cross-attention' on page 3 undefined on input line
 78.


LaTeX Warning: Reference `eq:SA' on page 3 undefined on input line 78.


LaTeX Warning: Reference `eq:connection' on page 3 undefined on input line 90.


Package natbib Warning: Citation `petsiuk2018rise' on page 3 undefined on input
 line 90.


Package natbib Warning: Citation `fong2017interpretable' on page 3 undefined on
 input line 90.


Package natbib Warning: Citation `fong2019understanding' on page 3 undefined on
 input line 90.


Package natbib Warning: Citation `schulz2020restricting' on page 3 undefined on
 input line 90.


Package natbib Warning: Citation `ribeiro2016should' on page 3 undefined on inp
ut line 90.


Package natbib Warning: Citation `DBLP:journals/corr/abs-1910-01279' on page 3 
undefined on input line 90.


Package natbib Warning: Citation `zhang2023opti' on page 3 undefined on input l
ine 90.


Package natbib Warning: Citation `DBLP:journals/corr/abs-1710-11063' on page 3 
undefined on input line 90.


Package natbib Warning: Citation `petsiuk2018rise' on page 3 undefined on input
 line 90.


Underfull \hbox (badness 1448) in paragraph at lines 93--94
[]\OT1/ptm/m/it/10 Attention-based pool-ing is a form of fea-ture
 []

[3 <./fig/CA-CAM.pdf>]

LaTeX Warning: Reference `fig:fig_method' on page 4 undefined on input line 102
.


LaTeX Warning: Reference `subsec:motiv' on page 4 undefined on input line 116.


LaTeX Warning: Reference `eq:CA' on page 4 undefined on input line 123.

(./tex/mainfig.tex
<Images/Method/input.jpg, id=149, 1027.84pt x 770.88pt>
File: Images/Method/input.jpg Graphic file (type jpg)
<use Images/Method/input.jpg>
Package pdftex.def Info: Images/Method/input.jpg  used on input line 8.
(pdftex.def)             Requested size: 49.68864pt x 37.26411pt.


LaTeX Warning: Reference `eq:CA' on page 4 undefined on input line 51.


LaTeX Warning: Reference `eq:qk-layer' on page 4 undefined on input line 51.


Package natbib Warning: Citation `DBLP:journals/corr/SelvarajuDVCPB16' on page 
4 undefined on input line 51.


LaTeX Warning: Reference `eq:CA' on page 4 undefined on input line 51.


LaTeX Warning: Reference `eq:qk-layer' on page 4 undefined on input line 51.


Package natbib Warning: Citation `DBLP:journals/corr/SelvarajuDVCPB16' on page 
4 undefined on input line 51.

)

LaTeX Warning: Reference `eq:f-decomp' on page 4 undefined on input line 136.

) (./tex/exp_setup.tex

Package natbib Warning: Citation `zhou2016learning' on page 4 undefined on inpu
t line 4.


Package natbib Warning: Citation `deng2009imagenet' on page 4 undefined on inpu
t line 11.


Package natbib Warning: Citation `he2016deep' on page 4 undefined on input line
 11.


Package natbib Warning: Citation `liu2022convnet' on page 4 undefined on input 
line 11.


Package natbib Warning: Citation `WahCUB_200_2011' on page 4 undefined on input
 line 13.


Package natbib Warning: Citation `Everingham15' on page 4 undefined on input li
ne 13.


Package natbib Warning: Citation `DBLP:journals/corr/SelvarajuDVCPB16' on page 
4 undefined on input line 17.


Package natbib Warning: Citation `DBLP:journals/corr/abs-1710-11063' on page 4 
undefined on input line 17.


Package natbib Warning: Citation `DBLP:journals/corr/abs-1910-01279' on page 4 
undefined on input line 17.


Package natbib Warning: Citation `zhang2023opti' on page 4 undefined on input l
ine 19.


Package natbib Warning: Citation `DBLP:journals/corr/abs-1710-11063' on page 4 
undefined on input line 19.


Package natbib Warning: Citation `zhang2023opti' on page 4 undefined on input l
ine 19.


Package natbib Warning: Citation `DBLP:journals/corr/abs-1710-11063' on page 4 
undefined on input line 19.


Package natbib Warning: Citation `petsiuk2018rise' on page 4 undefined on input
 line 19.

[4]) (./tex/exp_qual.tex
<Images/Comparable/figure1_similarities/original/23541.jpeg, id=168, 271.0125pt
 x 361.35pt>
File: Images/Comparable/figure1_similarities/original/23541.jpeg Graphic file (
type jpg)
<use Images/Comparable/figure1_similarities/original/23541.jpeg>
Package pdftex.def Info: Images/Comparable/figure1_similarities/original/23541.
jpeg  used on input line 12.
(pdftex.def)             Requested size: 57.14119pt x 76.18347pt.
<Images/Comparable/figure1_similarities/raw_att/23541.jpeg, id=169, 271.0125pt 
x 361.35pt>
File: Images/Comparable/figure1_similarities/raw_att/23541.jpeg Graphic file (t
ype jpg)
<use Images/Comparable/figure1_similarities/raw_att/23541.jpeg>
Package pdftex.def Info: Images/Comparable/figure1_similarities/raw_att/23541.j
peg  used on input line 12.
(pdftex.def)             Requested size: 57.14119pt x 76.18347pt.
<Images/Comparable/figure1_similarities/shelf_gradcam/23541.jpeg, id=170, 271.0
125pt x 361.35pt>
File: Images/Comparable/figure1_similarities/shelf_gradcam/23541.jpeg Graphic f
ile (type jpg)
<use Images/Comparable/figure1_similarities/shelf_gradcam/23541.jpeg>
Package pdftex.def Info: Images/Comparable/figure1_similarities/shelf_gradcam/2
3541.jpeg  used on input line 12.
(pdftex.def)             Requested size: 57.14119pt x 76.18347pt.
<Images/Comparable/figure1_similarities/gradcam/23541.jpeg, id=171, 271.0125pt 
x 361.35pt>
File: Images/Comparable/figure1_similarities/gradcam/23541.jpeg Graphic file (t
ype jpg)
<use Images/Comparable/figure1_similarities/gradcam/23541.jpeg>
Package pdftex.def Info: Images/Comparable/figure1_similarities/gradcam/23541.j
peg  used on input line 12.
(pdftex.def)             Requested size: 57.14119pt x 76.18347pt.
<Images/Comparable/figure1_similarities/shelf_gradcampp/23541.jpeg, id=172, 271
.0125pt x 361.35pt>
File: Images/Comparable/figure1_similarities/shelf_gradcampp/23541.jpeg Graphic
 file (type jpg)
<use Images/Comparable/figure1_similarities/shelf_gradcampp/23541.jpeg>
Package pdftex.def Info: Images/Comparable/figure1_similarities/shelf_gradcampp
/23541.jpeg  used on input line 12.
(pdftex.def)             Requested size: 57.14119pt x 76.18347pt.
<Images/Comparable/figure1_similarities/gradcampp/23541.jpeg, id=173, 271.0125p
t x 361.35pt>
File: Images/Comparable/figure1_similarities/gradcampp/23541.jpeg Graphic file 
(type jpg)
<use Images/Comparable/figure1_similarities/gradcampp/23541.jpeg>
Package pdftex.def Info: Images/Comparable/figure1_similarities/gradcampp/23541
.jpeg  used on input line 12.
(pdftex.def)             Requested size: 57.14119pt x 76.18347pt.
<Images/Comparable/figure1_similarities/scorecam/23541.jpeg, id=174, 271.0125pt
 x 361.35pt>
File: Images/Comparable/figure1_similarities/scorecam/23541.jpeg Graphic file (
type jpg)
<use Images/Comparable/figure1_similarities/scorecam/23541.jpeg>
Package pdftex.def Info: Images/Comparable/figure1_similarities/scorecam/23541.
jpeg  used on input line 12.
(pdftex.def)             Requested size: 57.14119pt x 76.18347pt.
<Images/Comparable/figure1_similarities/shelf_scorecam/23541.jpeg, id=175, 271.
0125pt x 361.35pt>
File: Images/Comparable/figure1_similarities/shelf_scorecam/23541.jpeg Graphic 
file (type jpg)
<use Images/Comparable/figure1_similarities/shelf_scorecam/23541.jpeg>
Package pdftex.def Info: Images/Comparable/figure1_similarities/shelf_scorecam/
23541.jpeg  used on input line 12.
(pdftex.def)             Requested size: 57.14119pt x 76.18347pt.
<Images/Comparable/figure1_similarities/original/9602.jpeg, id=176, 361.35pt x 
271.0125pt>
File: Images/Comparable/figure1_similarities/original/9602.jpeg Graphic file (t
ype jpg)
<use Images/Comparable/figure1_similarities/original/9602.jpeg>
Package pdftex.def Info: Images/Comparable/figure1_similarities/original/9602.j
peg  used on input line 14.
(pdftex.def)             Requested size: 57.14119pt x 42.85423pt.
<Images/Comparable/figure1_similarities/raw_att/9602.jpeg, id=177, 361.35pt x 2
71.0125pt>
File: Images/Comparable/figure1_similarities/raw_att/9602.jpeg Graphic file (ty
pe jpg)
<use Images/Comparable/figure1_similarities/raw_att/9602.jpeg>
Package pdftex.def Info: Images/Comparable/figure1_similarities/raw_att/9602.jp
eg  used on input line 14.
(pdftex.def)             Requested size: 57.14119pt x 42.85423pt.
<Images/Comparable/figure1_similarities/shelf_gradcam/9602.jpeg, id=178, 361.35
pt x 271.0125pt>
File: Images/Comparable/figure1_similarities/shelf_gradcam/9602.jpeg Graphic fi
le (type jpg)
<use Images/Comparable/figure1_similarities/shelf_gradcam/9602.jpeg>
Package pdftex.def Info: Images/Comparable/figure1_similarities/shelf_gradcam/9
602.jpeg  used on input line 14.
(pdftex.def)             Requested size: 57.14119pt x 42.85423pt.
<Images/Comparable/figure1_similarities/gradcam/9602.jpeg, id=179, 361.35pt x 2
71.0125pt>
File: Images/Comparable/figure1_similarities/gradcam/9602.jpeg Graphic file (ty
pe jpg)
<use Images/Comparable/figure1_similarities/gradcam/9602.jpeg>
Package pdftex.def Info: Images/Comparable/figure1_similarities/gradcam/9602.jp
eg  used on input line 14.
(pdftex.def)             Requested size: 57.14119pt x 42.85423pt.
<Images/Comparable/figure1_similarities/shelf_gradcampp/9602.jpeg, id=180, 361.
35pt x 271.0125pt>
File: Images/Comparable/figure1_similarities/shelf_gradcampp/9602.jpeg Graphic 
file (type jpg)
<use Images/Comparable/figure1_similarities/shelf_gradcampp/9602.jpeg>
Package pdftex.def Info: Images/Comparable/figure1_similarities/shelf_gradcampp
/9602.jpeg  used on input line 14.
(pdftex.def)             Requested size: 57.14119pt x 42.85423pt.
<Images/Comparable/figure1_similarities/gradcampp/9602.jpeg, id=181, 361.35pt x
 271.0125pt>
File: Images/Comparable/figure1_similarities/gradcampp/9602.jpeg Graphic file (
type jpg)
<use Images/Comparable/figure1_similarities/gradcampp/9602.jpeg>
Package pdftex.def Info: Images/Comparable/figure1_similarities/gradcampp/9602.
jpeg  used on input line 14.
(pdftex.def)             Requested size: 57.14119pt x 42.85423pt.
<Images/Comparable/figure1_similarities/scorecam/9602.jpeg, id=182, 361.35pt x 
271.0125pt>
File: Images/Comparable/figure1_similarities/scorecam/9602.jpeg Graphic file (t
ype jpg)
<use Images/Comparable/figure1_similarities/scorecam/9602.jpeg>
Package pdftex.def Info: Images/Comparable/figure1_similarities/scorecam/9602.j
peg  used on input line 14.
(pdftex.def)             Requested size: 57.14119pt x 42.85423pt.
<Images/Comparable/figure1_similarities/shelf_scorecam/9602.jpeg, id=183, 361.3
5pt x 271.0125pt>
File: Images/Comparable/figure1_similarities/shelf_scorecam/9602.jpeg Graphic f
ile (type jpg)
<use Images/Comparable/figure1_similarities/shelf_scorecam/9602.jpeg>
Package pdftex.def Info: Images/Comparable/figure1_similarities/shelf_scorecam/
9602.jpeg  used on input line 14.
(pdftex.def)             Requested size: 57.14119pt x 42.85423pt.
<Images/Comparable/figure1_similarities/original/12414.jpeg, id=184, 361.35pt x
 248.6088pt>
File: Images/Comparable/figure1_similarities/original/12414.jpeg Graphic file (
type jpg)
<use Images/Comparable/figure1_similarities/original/12414.jpeg>
Package pdftex.def Info: Images/Comparable/figure1_similarities/original/12414.
jpeg  used on input line 16.
(pdftex.def)             Requested size: 57.14119pt x 39.31161pt.
<Images/Comparable/figure1_similarities/raw_att/12414.jpeg, id=185, 361.35pt x 
248.6088pt>
File: Images/Comparable/figure1_similarities/raw_att/12414.jpeg Graphic file (t
ype jpg)
<use Images/Comparable/figure1_similarities/raw_att/12414.jpeg>
Package pdftex.def Info: Images/Comparable/figure1_similarities/raw_att/12414.j
peg  used on input line 16.
(pdftex.def)             Requested size: 57.14119pt x 39.31161pt.
<Images/Comparable/figure1_similarities/shelf_gradcam/12414.jpeg, id=186, 361.3
5pt x 248.6088pt>
File: Images/Comparable/figure1_similarities/shelf_gradcam/12414.jpeg Graphic f
ile (type jpg)
<use Images/Comparable/figure1_similarities/shelf_gradcam/12414.jpeg>
Package pdftex.def Info: Images/Comparable/figure1_similarities/shelf_gradcam/1
2414.jpeg  used on input line 16.
(pdftex.def)             Requested size: 57.14119pt x 39.31161pt.
<Images/Comparable/figure1_similarities/gradcam/12414.jpeg, id=187, 361.35pt x 
248.6088pt>
File: Images/Comparable/figure1_similarities/gradcam/12414.jpeg Graphic file (t
ype jpg)
<use Images/Comparable/figure1_similarities/gradcam/12414.jpeg>
Package pdftex.def Info: Images/Comparable/figure1_similarities/gradcam/12414.j
peg  used on input line 16.
(pdftex.def)             Requested size: 57.14119pt x 39.31161pt.
<Images/Comparable/figure1_similarities/shelf_gradcampp/12414.jpeg, id=188, 361
.35pt x 248.6088pt>
File: Images/Comparable/figure1_similarities/shelf_gradcampp/12414.jpeg Graphic
 file (type jpg)
<use Images/Comparable/figure1_similarities/shelf_gradcampp/12414.jpeg>
Package pdftex.def Info: Images/Comparable/figure1_similarities/shelf_gradcampp
/12414.jpeg  used on input line 16.
(pdftex.def)             Requested size: 57.14119pt x 39.31161pt.
<Images/Comparable/figure1_similarities/gradcampp/12414.jpeg, id=189, 361.35pt 
x 248.6088pt>
File: Images/Comparable/figure1_similarities/gradcampp/12414.jpeg Graphic file 
(type jpg)
<use Images/Comparable/figure1_similarities/gradcampp/12414.jpeg>
Package pdftex.def Info: Images/Comparable/figure1_similarities/gradcampp/12414
.jpeg  used on input line 16.
(pdftex.def)             Requested size: 57.14119pt x 39.31161pt.
<Images/Comparable/figure1_similarities/scorecam/12414.jpeg, id=190, 361.35pt x
 248.6088pt>
File: Images/Comparable/figure1_similarities/scorecam/12414.jpeg Graphic file (
type jpg)
<use Images/Comparable/figure1_similarities/scorecam/12414.jpeg>
Package pdftex.def Info: Images/Comparable/figure1_similarities/scorecam/12414.
jpeg  used on input line 16.
(pdftex.def)             Requested size: 57.14119pt x 39.31161pt.
<Images/Comparable/figure1_similarities/shelf_scorecam/12414.jpeg, id=191, 361.
35pt x 248.6088pt>
File: Images/Comparable/figure1_similarities/shelf_scorecam/12414.jpeg Graphic 
file (type jpg)
<use Images/Comparable/figure1_similarities/shelf_scorecam/12414.jpeg>
Package pdftex.def Info: Images/Comparable/figure1_similarities/shelf_scorecam/
12414.jpeg  used on input line 16.
(pdftex.def)             Requested size: 57.14119pt x 39.31161pt.
<Images/Comparable/figure1/original/43057.jpeg, id=192, 361.35pt x 271.0125pt>
File: Images/Comparable/figure1/original/43057.jpeg Graphic file (type jpg)
<use Images/Comparable/figure1/original/43057.jpeg>
Package pdftex.def Info: Images/Comparable/figure1/original/43057.jpeg  used on
 input line 28.
(pdftex.def)             Requested size: 57.14119pt x 42.85423pt.
<Images/Comparable/figure1/raw_att/43057.jpeg, id=193, 361.35pt x 271.0125pt>
File: Images/Comparable/figure1/raw_att/43057.jpeg Graphic file (type jpg)
<use Images/Comparable/figure1/raw_att/43057.jpeg>
Package pdftex.def Info: Images/Comparable/figure1/raw_att/43057.jpeg  used on 
input line 28.
(pdftex.def)             Requested size: 57.14119pt x 42.85423pt.
<Images/Comparable/figure1/shelf_gradcam/43057.jpeg, id=194, 361.35pt x 271.012
5pt>
File: Images/Comparable/figure1/shelf_gradcam/43057.jpeg Graphic file (type jpg
)
<use Images/Comparable/figure1/shelf_gradcam/43057.jpeg>
Package pdftex.def Info: Images/Comparable/figure1/shelf_gradcam/43057.jpeg  us
ed on input line 28.
(pdftex.def)             Requested size: 57.14119pt x 42.85423pt.
<Images/Comparable/figure1/gradcam/43057.jpeg, id=195, 361.35pt x 271.0125pt>
File: Images/Comparable/figure1/gradcam/43057.jpeg Graphic file (type jpg)
<use Images/Comparable/figure1/gradcam/43057.jpeg>
Package pdftex.def Info: Images/Comparable/figure1/gradcam/43057.jpeg  used on 
input line 28.
(pdftex.def)             Requested size: 57.14119pt x 42.85423pt.
<Images/Comparable/figure1/shelf_gradcampp/43057.jpeg, id=196, 361.35pt x 271.0
125pt>
File: Images/Comparable/figure1/shelf_gradcampp/43057.jpeg Graphic file (type j
pg)
<use Images/Comparable/figure1/shelf_gradcampp/43057.jpeg>
Package pdftex.def Info: Images/Comparable/figure1/shelf_gradcampp/43057.jpeg  
used on input line 28.
(pdftex.def)             Requested size: 57.14119pt x 42.85423pt.
<Images/Comparable/figure1/gradcampp/43057.jpeg, id=197, 361.35pt x 271.0125pt>

File: Images/Comparable/figure1/gradcampp/43057.jpeg Graphic file (type jpg)
<use Images/Comparable/figure1/gradcampp/43057.jpeg>
Package pdftex.def Info: Images/Comparable/figure1/gradcampp/43057.jpeg  used o
n input line 28.
(pdftex.def)             Requested size: 57.14119pt x 42.85423pt.
<Images/Comparable/figure1/shelf_scorecam/43057.jpeg, id=198, 361.35pt x 271.01
25pt>
File: Images/Comparable/figure1/shelf_scorecam/43057.jpeg Graphic file (type jp
g)
<use Images/Comparable/figure1/shelf_scorecam/43057.jpeg>
Package pdftex.def Info: Images/Comparable/figure1/shelf_scorecam/43057.jpeg  u
sed on input line 28.
(pdftex.def)             Requested size: 57.14119pt x 42.85423pt.
<Images/Comparable/figure1/scorecam/43057.jpeg, id=199, 361.35pt x 271.0125pt>
File: Images/Comparable/figure1/scorecam/43057.jpeg Graphic file (type jpg)
<use Images/Comparable/figure1/scorecam/43057.jpeg>
Package pdftex.def Info: Images/Comparable/figure1/scorecam/43057.jpeg  used on
 input line 28.
(pdftex.def)             Requested size: 57.14119pt x 42.85423pt.
<Images/Comparable/figure1_similarities/original/11376.jpeg, id=200, 361.35pt x
 271.0125pt>
File: Images/Comparable/figure1_similarities/original/11376.jpeg Graphic file (
type jpg)
<use Images/Comparable/figure1_similarities/original/11376.jpeg>
Package pdftex.def Info: Images/Comparable/figure1_similarities/original/11376.
jpeg  used on input line 30.
(pdftex.def)             Requested size: 57.14119pt x 42.85423pt.
<Images/Comparable/figure1_similarities/raw_att/11376.jpeg, id=201, 361.35pt x 
271.0125pt>
File: Images/Comparable/figure1_similarities/raw_att/11376.jpeg Graphic file (t
ype jpg)
<use Images/Comparable/figure1_similarities/raw_att/11376.jpeg>
Package pdftex.def Info: Images/Comparable/figure1_similarities/raw_att/11376.j
peg  used on input line 30.
(pdftex.def)             Requested size: 57.14119pt x 42.85423pt.
<Images/Comparable/figure1_similarities/shelf_gradcam/11376.jpeg, id=202, 361.3
5pt x 271.0125pt>
File: Images/Comparable/figure1_similarities/shelf_gradcam/11376.jpeg Graphic f
ile (type jpg)
<use Images/Comparable/figure1_similarities/shelf_gradcam/11376.jpeg>
Package pdftex.def Info: Images/Comparable/figure1_similarities/shelf_gradcam/1
1376.jpeg  used on input line 30.
(pdftex.def)             Requested size: 57.14119pt x 42.85423pt.
<Images/Comparable/figure1_similarities/gradcam/11376.jpeg, id=203, 361.35pt x 
271.0125pt>
File: Images/Comparable/figure1_similarities/gradcam/11376.jpeg Graphic file (t
ype jpg)
<use Images/Comparable/figure1_similarities/gradcam/11376.jpeg>
Package pdftex.def Info: Images/Comparable/figure1_similarities/gradcam/11376.j
peg  used on input line 30.
(pdftex.def)             Requested size: 57.14119pt x 42.85423pt.
<Images/Comparable/figure1_similarities/shelf_gradcampp/11376.jpeg, id=204, 361
.35pt x 271.0125pt>
File: Images/Comparable/figure1_similarities/shelf_gradcampp/11376.jpeg Graphic
 file (type jpg)
<use Images/Comparable/figure1_similarities/shelf_gradcampp/11376.jpeg>
Package pdftex.def Info: Images/Comparable/figure1_similarities/shelf_gradcampp
/11376.jpeg  used on input line 30.
(pdftex.def)             Requested size: 57.14119pt x 42.85423pt.
<Images/Comparable/figure1_similarities/gradcampp/11376.jpeg, id=205, 361.35pt 
x 271.0125pt>
File: Images/Comparable/figure1_similarities/gradcampp/11376.jpeg Graphic file 
(type jpg)
<use Images/Comparable/figure1_similarities/gradcampp/11376.jpeg>
Package pdftex.def Info: Images/Comparable/figure1_similarities/gradcampp/11376
.jpeg  used on input line 30.
(pdftex.def)             Requested size: 57.14119pt x 42.85423pt.
<Images/Comparable/figure1_similarities/scorecam/11376.jpeg, id=206, 361.35pt x
 271.0125pt>
File: Images/Comparable/figure1_similarities/scorecam/11376.jpeg Graphic file (
type jpg)
<use Images/Comparable/figure1_similarities/scorecam/11376.jpeg>
Package pdftex.def Info: Images/Comparable/figure1_similarities/scorecam/11376.
jpeg  used on input line 30.
(pdftex.def)             Requested size: 57.14119pt x 42.85423pt.
<Images/Comparable/figure1_similarities/shelf_scorecam/11376.jpeg, id=207, 361.
35pt x 271.0125pt>
File: Images/Comparable/figure1_similarities/shelf_scorecam/11376.jpeg Graphic 
file (type jpg)
<use Images/Comparable/figure1_similarities/shelf_scorecam/11376.jpeg>
Package pdftex.def Info: Images/Comparable/figure1_similarities/shelf_scorecam/
11376.jpeg  used on input line 30.
(pdftex.def)             Requested size: 57.14119pt x 42.85423pt.


LaTeX Warning: Reference `fig:compmethods' on page 5 undefined on input line 46
.

(./tex/figure_outdataset.tex
<Images/Outdataset/Corridor/Original/c1.jpg, id=208, 185.0112pt x 185.0112pt>
File: Images/Outdataset/Corridor/Original/c1.jpg Graphic file (type jpg)
<use Images/Outdataset/Corridor/Original/c1.jpg>
Package pdftex.def Info: Images/Outdataset/Corridor/Original/c1.jpg  used on in
put line 9.
(pdftex.def)             Requested size: 59.61977pt x 39.7484pt.
<Images/Outdataset/Corridor/Attention/c1.jpg, id=209, 185.0112pt x 185.0112pt>
File: Images/Outdataset/Corridor/Attention/c1.jpg Graphic file (type jpg)
<use Images/Outdataset/Corridor/Attention/c1.jpg>
Package pdftex.def Info: Images/Outdataset/Corridor/Attention/c1.jpg  used on i
nput line 10.
(pdftex.def)             Requested size: 59.61977pt x 39.7484pt.
<Images/Outdataset/Greenhouse/Original/celosie_02.jpg, id=210, 185.0112pt x 185
.0112pt>
File: Images/Outdataset/Greenhouse/Original/celosie_02.jpg Graphic file (type j
pg)
<use Images/Outdataset/Greenhouse/Original/celosie_02.jpg>
Package pdftex.def Info: Images/Outdataset/Greenhouse/Original/celosie_02.jpg  
used on input line 11.
(pdftex.def)             Requested size: 59.61977pt x 39.7484pt.
<Images/Outdataset/Greenhouse/Attention/celosie_02.jpg, id=211, 185.0112pt x 18
5.0112pt>
File: Images/Outdataset/Greenhouse/Attention/celosie_02.jpg Graphic file (type 
jpg)
<use Images/Outdataset/Greenhouse/Attention/celosie_02.jpg>
Package pdftex.def Info: Images/Outdataset/Greenhouse/Attention/celosie_02.jpg 
 used on input line 12.
(pdftex.def)             Requested size: 59.61977pt x 39.7484pt.
<Images/Outdataset/Poolinside/Original/003_1b.jpg, id=212, 241.3818pt x 161.162
1pt>
File: Images/Outdataset/Poolinside/Original/003_1b.jpg Graphic file (type jpg)
<use Images/Outdataset/Poolinside/Original/003_1b.jpg>
Package pdftex.def Info: Images/Outdataset/Poolinside/Original/003_1b.jpg  used
 on input line 13.
(pdftex.def)             Requested size: 59.6197pt x 39.7494pt.
<Images/Outdataset/Poolinside/Attention/003_1b.jpg, id=213, 241.3818pt x 161.16
21pt>
File: Images/Outdataset/Poolinside/Attention/003_1b.jpg Graphic file (type jpg)

<use Images/Outdataset/Poolinside/Attention/003_1b.jpg>
Package pdftex.def Info: Images/Outdataset/Poolinside/Attention/003_1b.jpg  use
d on input line 14.
(pdftex.def)             Requested size: 59.6197pt x 39.7494pt.
<Images/Outdataset/WineCellar/Original/bodega2.jpg, id=214, 205.9695pt x 152.48
97pt>
File: Images/Outdataset/WineCellar/Original/bodega2.jpg Graphic file (type jpg)

<use Images/Outdataset/WineCellar/Original/bodega2.jpg>
Package pdftex.def Info: Images/Outdataset/WineCellar/Original/bodega2.jpg  use
d on input line 15.
(pdftex.def)             Requested size: 59.61961pt x 39.74876pt.
<Images/Outdataset/WineCellar/Attention/bodega2.jpg, id=215, 205.9695pt x 152.4
897pt>
File: Images/Outdataset/WineCellar/Attention/bodega2.jpg Graphic file (type jpg
)
<use Images/Outdataset/WineCellar/Attention/bodega2.jpg>
Package pdftex.def Info: Images/Outdataset/WineCellar/Attention/bodega2.jpg  us
ed on input line 16.
(pdftex.def)             Requested size: 59.61961pt x 39.74876pt.
<Images/Outdataset/Corridor/Original/1L_10_Corridor_A.jpg, id=216, 560.0925pt x
 746.5491pt>
File: Images/Outdataset/Corridor/Original/1L_10_Corridor_A.jpg Graphic file (ty
pe jpg)
<use Images/Outdataset/Corridor/Original/1L_10_Corridor_A.jpg>
Package pdftex.def Info: Images/Outdataset/Corridor/Original/1L_10_Corridor_A.j
pg  used on input line 18.
(pdftex.def)             Requested size: 59.61906pt x 39.74461pt.
<Images/Outdataset/Corridor/Attention/1L_10_Corridor_A.jpg, id=217, 560.0925pt 
x 746.5491pt>
File: Images/Outdataset/Corridor/Attention/1L_10_Corridor_A.jpg Graphic file (t
ype jpg)
<use Images/Outdataset/Corridor/Attention/1L_10_Corridor_A.jpg>
Package pdftex.def Info: Images/Outdataset/Corridor/Attention/1L_10_Corridor_A.
jpg  used on input line 19.
(pdftex.def)             Requested size: 59.61906pt x 39.74461pt.
<Images/Outdataset/Greenhouse/Original/20070417klpcnatun_229_Ies_SCO.jpg, id=21
8, 401.0985pt x 284.0211pt>
File: Images/Outdataset/Greenhouse/Original/20070417klpcnatun_229_Ies_SCO.jpg G
raphic file (type jpg)
<use Images/Outdataset/Greenhouse/Original/20070417klpcnatun_229_Ies_SCO.jpg>
Package pdftex.def Info: Images/Outdataset/Greenhouse/Original/20070417klpcnatu
n_229_Ies_SCO.jpg  used on input line 20.
(pdftex.def)             Requested size: 59.61746pt x 39.74535pt.
<Images/Outdataset/Greenhouse/Attention/20070417klpcnatun_229_Ies_SCO.jpg, id=2
19, 401.0985pt x 284.0211pt>
File: Images/Outdataset/Greenhouse/Attention/20070417klpcnatun_229_Ies_SCO.jpg 
Graphic file (type jpg)
<use Images/Outdataset/Greenhouse/Attention/20070417klpcnatun_229_Ies_SCO.jpg>
Package pdftex.def Info: Images/Outdataset/Greenhouse/Attention/20070417klpcnat
un_229_Ies_SCO.jpg  used on input line 21.
(pdftex.def)             Requested size: 59.61746pt x 39.74535pt.
<Images/Outdataset/Poolinside/Original/141821195_M.jpg, id=220, 433.62pt x 325.
215pt>
File: Images/Outdataset/Poolinside/Original/141821195_M.jpg Graphic file (type 
jpg)
<use Images/Outdataset/Poolinside/Original/141821195_M.jpg>
Package pdftex.def Info: Images/Outdataset/Poolinside/Original/141821195_M.jpg 
 used on input line 22.
(pdftex.def)             Requested size: 59.61465pt x 39.74861pt.
<Images/Outdataset/Poolinside/Attention/141821195_M.jpg, id=221, 433.62pt x 325
.215pt>
File: Images/Outdataset/Poolinside/Attention/141821195_M.jpg Graphic file (type
 jpg)
<use Images/Outdataset/Poolinside/Attention/141821195_M.jpg>
Package pdftex.def Info: Images/Outdataset/Poolinside/Attention/141821195_M.jpg
  used on input line 23.
(pdftex.def)             Requested size: 59.61465pt x 39.74861pt.
<Images/Outdataset/WineCellar/Original/bodega_45_18_yahoo.jpg, id=222, 361.35pt
 x 271.0125pt>
File: Images/Outdataset/WineCellar/Original/bodega_45_18_yahoo.jpg Graphic file
 (type jpg)
<use Images/Outdataset/WineCellar/Original/bodega_45_18_yahoo.jpg>
Package pdftex.def Info: Images/Outdataset/WineCellar/Original/bodega_45_18_yah
oo.jpg  used on input line 24.
(pdftex.def)             Requested size: 59.62018pt x 39.74861pt.
<Images/Outdataset/WineCellar/Attention/bodega_45_18_yahoo.jpg, id=223, 361.35p
t x 271.0125pt>
File: Images/Outdataset/WineCellar/Attention/bodega_45_18_yahoo.jpg Graphic fil
e (type jpg)
<use Images/Outdataset/WineCellar/Attention/bodega_45_18_yahoo.jpg>
Package pdftex.def Info: Images/Outdataset/WineCellar/Attention/bodega_45_18_ya
hoo.jpg  used on input line 25.
(pdftex.def)             Requested size: 59.62018pt x 39.74861pt.
<Images/Outdataset/Corridor/Original/430_Korridor_300.jpg, id=224, 216.81pt x 2
16.81pt>
File: Images/Outdataset/Corridor/Original/430_Korridor_300.jpg Graphic file (ty
pe jpg)
<use Images/Outdataset/Corridor/Original/430_Korridor_300.jpg>
Package pdftex.def Info: Images/Outdataset/Corridor/Original/430_Korridor_300.j
pg  used on input line 27.
(pdftex.def)             Requested size: 59.61797pt x 39.74861pt.
<Images/Outdataset/Corridor/Attention/430_Korridor_300.jpg, id=225, 216.81pt x 
216.81pt>
File: Images/Outdataset/Corridor/Attention/430_Korridor_300.jpg Graphic file (t
ype jpg)
<use Images/Outdataset/Corridor/Attention/430_Korridor_300.jpg>
Package pdftex.def Info: Images/Outdataset/Corridor/Attention/430_Korridor_300.
jpg  used on input line 28.
(pdftex.def)             Requested size: 59.61797pt x 39.74861pt.
<Images/Outdataset/Greenhouse/Original/20070418klpcnaecl_364_Ies_SCO.jpg, id=22
6, 401.0985pt x 286.9119pt>
File: Images/Outdataset/Greenhouse/Original/20070418klpcnaecl_364_Ies_SCO.jpg G
raphic file (type jpg)
<use Images/Outdataset/Greenhouse/Original/20070418klpcnaecl_364_Ies_SCO.jpg>
Package pdftex.def Info: Images/Outdataset/Greenhouse/Original/20070418klpcnaec
l_364_Ies_SCO.jpg  used on input line 29.
(pdftex.def)             Requested size: 59.61746pt x 39.7471pt.
<Images/Outdataset/Greenhouse/Attention/20070418klpcnaecl_364_Ies_SCO.jpg, id=2
27, 401.0985pt x 286.9119pt>
File: Images/Outdataset/Greenhouse/Attention/20070418klpcnaecl_364_Ies_SCO.jpg 
Graphic file (type jpg)
<use Images/Outdataset/Greenhouse/Attention/20070418klpcnaecl_364_Ies_SCO.jpg>
Package pdftex.def Info: Images/Outdataset/Greenhouse/Attention/20070418klpcnae
cl_364_Ies_SCO.jpg  used on input line 30.
(pdftex.def)             Requested size: 59.61746pt x 39.7471pt.
<Images/Outdataset/Poolinside/Original/catalogue_piscine_interieur.jpg, id=228,
 216.81pt x 162.6075pt>
File: Images/Outdataset/Poolinside/Original/catalogue_piscine_interieur.jpg Gra
phic file (type jpg)
<use Images/Outdataset/Poolinside/Original/catalogue_piscine_interieur.jpg>
Package pdftex.def Info: Images/Outdataset/Poolinside/Original/catalogue_piscin
e_interieur.jpg  used on input line 31.
(pdftex.def)             Requested size: 59.61797pt x 39.74861pt.
<Images/Outdataset/Poolinside/Attention/catalogue_piscine_interieur.jpg, id=229
, 216.81pt x 162.6075pt>
File: Images/Outdataset/Poolinside/Attention/catalogue_piscine_interieur.jpg Gr
aphic file (type jpg)
<use Images/Outdataset/Poolinside/Attention/catalogue_piscine_interieur.jpg>
Package pdftex.def Info: Images/Outdataset/Poolinside/Attention/catalogue_pisci
ne_interieur.jpg  used on input line 32.
(pdftex.def)             Requested size: 59.61797pt x 39.74861pt.
<Images/Outdataset/WineCellar/Original/bodega_63_24_flickr.jpg, id=230, 361.35p
t x 271.0125pt>
File: Images/Outdataset/WineCellar/Original/bodega_63_24_flickr.jpg Graphic fil
e (type jpg)
<use Images/Outdataset/WineCellar/Original/bodega_63_24_flickr.jpg>
Package pdftex.def Info: Images/Outdataset/WineCellar/Original/bodega_63_24_fli
ckr.jpg  used on input line 33.
(pdftex.def)             Requested size: 59.62018pt x 39.74861pt.
<Images/Outdataset/WineCellar/Attention/bodega_63_24_flickr.jpg, id=231, 361.35
pt x 271.0125pt>
File: Images/Outdataset/WineCellar/Attention/bodega_63_24_flickr.jpg Graphic fi
le (type jpg)
<use Images/Outdataset/WineCellar/Attention/bodega_63_24_flickr.jpg>
Package pdftex.def Info: Images/Outdataset/WineCellar/Attention/bodega_63_24_fl
ickr.jpg  used on input line 34.
(pdftex.def)             Requested size: 59.62018pt x 39.74861pt.
<Images/Outdataset/Corridor/Original/06_Right_corridor_of_the_main_hall.jpg, id
=232, 867.24pt x 1156.32pt>
File: Images/Outdataset/Corridor/Original/06_Right_corridor_of_the_main_hall.jp
g Graphic file (type jpg)
<use Images/Outdataset/Corridor/Original/06_Right_corridor_of_the_main_hall.jpg
>
Package pdftex.def Info: Images/Outdataset/Corridor/Original/06_Right_corridor_
of_the_main_hall.jpg  used on input line 36.
(pdftex.def)             Requested size: 59.61465pt x 39.73428pt.
<Images/Outdataset/Corridor/Attention/06_Right_corridor_of_the_main_hall.jpg, i
d=233, 867.24pt x 1156.32pt>
File: Images/Outdataset/Corridor/Attention/06_Right_corridor_of_the_main_hall.j
pg Graphic file (type jpg)
<use Images/Outdataset/Corridor/Attention/06_Right_corridor_of_the_main_hall.jp
g>
Package pdftex.def Info: Images/Outdataset/Corridor/Attention/06_Right_corridor
_of_the_main_hall.jpg  used on input line 37.
(pdftex.def)             Requested size: 59.61465pt x 39.73428pt.
<Images/Outdataset/Greenhouse/Original/2026_2006_Grimm_s_Gardens_Greenhouse.jpg
, id=234, 185.0112pt x 185.0112pt>
File: Images/Outdataset/Greenhouse/Original/2026_2006_Grimm_s_Gardens_Greenhous
e.jpg Graphic file (type jpg)
<use Images/Outdataset/Greenhouse/Original/2026_2006_Grimm_s_Gardens_Greenhouse
.jpg>
Package pdftex.def Info: Images/Outdataset/Greenhouse/Original/2026_2006_Grimm_
s_Gardens_Greenhouse.jpg  used on input line 38.
(pdftex.def)             Requested size: 59.61977pt x 39.7484pt.
<Images/Outdataset/Greenhouse/Attention/2026_2006_Grimm_s_Gardens_Greenhouse.jp
g, id=235, 185.0112pt x 185.0112pt>
File: Images/Outdataset/Greenhouse/Attention/2026_2006_Grimm_s_Gardens_Greenhou
se.jpg Graphic file (type jpg)
<use Images/Outdataset/Greenhouse/Attention/2026_2006_Grimm_s_Gardens_Greenhous
e.jpg>
Package pdftex.def Info: Images/Outdataset/Greenhouse/Attention/2026_2006_Grimm
_s_Gardens_Greenhouse.jpg  used on input line 39.
(pdftex.def)             Requested size: 59.61977pt x 39.7484pt.
<Images/Outdataset/Poolinside/Original/connolly_center_pool_inside_lg.jpg, id=2
36, 432.8973pt x 289.08pt>
File: Images/Outdataset/Poolinside/Original/connolly_center_pool_inside_lg.jpg 
Graphic file (type jpg)
<use Images/Outdataset/Poolinside/Original/connolly_center_pool_inside_lg.jpg>
Package pdftex.def Info: Images/Outdataset/Poolinside/Original/connolly_center_
pool_inside_lg.jpg  used on input line 40.
(pdftex.def)             Requested size: 59.61438pt x 39.74751pt.
<Images/Outdataset/Poolinside/Attention/connolly_center_pool_inside_lg.jpg, id=
237, 432.8973pt x 289.08pt>
File: Images/Outdataset/Poolinside/Attention/connolly_center_pool_inside_lg.jpg
 Graphic file (type jpg)
<use Images/Outdataset/Poolinside/Attention/connolly_center_pool_inside_lg.jpg>

Package pdftex.def Info: Images/Outdataset/Poolinside/Attention/connolly_center
_pool_inside_lg.jpg  used on input line 41.
(pdftex.def)             Requested size: 59.61438pt x 39.74751pt.
<Images/Outdataset/WineCellar/Original/bodega_78_08_flickr.jpg, id=238, 361.35p
t x 271.0125pt>
File: Images/Outdataset/WineCellar/Original/bodega_78_08_flickr.jpg Graphic fil
e (type jpg)
<use Images/Outdataset/WineCellar/Original/bodega_78_08_flickr.jpg>
Package pdftex.def Info: Images/Outdataset/WineCellar/Original/bodega_78_08_fli
ckr.jpg  used on input line 42.
(pdftex.def)             Requested size: 59.62018pt x 39.74861pt.
<Images/Outdataset/WineCellar/Attention/bodega_78_08_flickr.jpg, id=239, 361.35
pt x 271.0125pt>
File: Images/Outdataset/WineCellar/Attention/bodega_78_08_flickr.jpg Graphic fi
le (type jpg)
<use Images/Outdataset/WineCellar/Attention/bodega_78_08_flickr.jpg>
Package pdftex.def Info: Images/Outdataset/WineCellar/Attention/bodega_78_08_fl
ickr.jpg  used on input line 43.
(pdftex.def)             Requested size: 59.62018pt x 39.74861pt.

Overfull \hbox (0.90263pt too wide) in paragraph at lines 6--47
 [][] 
 []


Package natbib Warning: Citation `quattoni2009recognizing' on page 5 undefined 
on input line 47.


Package natbib Warning: Citation `quattoni2009recognizing' on page 5 undefined 
on input line 47.

)

LaTeX Warning: Reference `fig:enter-label' on page 5 undefined on input line 75
.


Package natbib Warning: Citation `quattoni2009recognizing' on page 5 undefined 
on input line 75.

) (./tex/exp_interp.tex
LaTeX Font Info:    Font shape `OT1/ptm/bx/n' in size <7> not available
(Font)              Font shape `OT1/ptm/b/n' tried instead on input line 27.

Overfull \hbox (10.46895pt too wide) in paragraph at lines 10--78
 [][] 
 []


LaTeX Warning: Reference `tab:intrecon-all' on page 5 undefined on input line 8
5.


LaTeX Warning: Reference `tab:pascal' on page 5 undefined on input line 85.


LaTeX Warning: Reference `tab:intrecon-all' on page 5 undefined on input line 8
7.


Package natbib Warning: Citation `chefer2021transformer' on page 5 undefined on
 input line 90.


Package natbib Warning: Citation `zhang2023opti' on page 5 undefined on input l
ine 90.


Package natbib Warning: Citation `gomez2022metrics' on page 5 undefined on inpu
t line 90.


Package natbib Warning: Citation `hase2021outofdistribution' on page 5 undefine
d on input line 90.


Package natbib Warning: Citation `qiu2021resisting' on page 5 undefined on inpu
t line 90.


Package natbib Warning: Citation `rong2022consistent' on page 5 undefined on in
put line 90.


Package natbib Warning: Citation `zhang2023opti' on page 5 undefined on input l
ine 90.


LaTeX Warning: Reference `tab:pascal' on page 5 undefined on input line 98.


LaTeX Warning: Reference `eq:sal' on page 5 undefined on input line 109.


LaTeX Warning: Reference `tab:intrecon-all' on page 5 undefined on input line 1
53.


Underfull \hbox (badness 2744) in paragraph at lines 153--154
[]\OT1/ptm/m/n/10 Classification ac-cu-racy, num-ber of pa-ram-e-ters and
 []


LaTeX Warning: Reference `eq:qk-layer' on page 5 undefined on input line 159.

[5 <./Images/Method/input.jpg>]
LaTeX Font Info:    Font shape `OT1/ptm/bx/sc' in size <7> not available
(Font)              Font shape `OT1/ptm/b/sc' tried instead on input line 169.

Underfull \vbox (badness 10000) has occurred while \output is active []

)
(./tex/exp_ablation.tex [6 <./Images/Comparable/figure1_similarities/original/2
3541.jpeg> <./Images/Comparable/figure1_similarities/raw_att/23541.jpeg> <./Ima
ges/Comparable/figure1_similarities/shelf_gradcam/23541.jpeg> <./Images/Compara
ble/figure1_similarities/gradcam/23541.jpeg> <./Images/Comparable/figure1_simil
arities/shelf_gradcampp/23541.jpeg> <./Images/Comparable/figure1_similarities/g
radcampp/23541.jpeg> <./Images/Comparable/figure1_similarities/scorecam/23541.j
peg> <./Images/Comparable/figure1_similarities/shelf_scorecam/23541.jpeg> <./Im
ages/Comparable/figure1_similarities/original/9602.jpeg> <./Images/Comparable/f
igure1_similarities/raw_att/9602.jpeg> <./Images/Comparable/figure1_similaritie
s/shelf_gradcam/9602.jpeg> <./Images/Comparable/figure1_similarities/gradcam/96
02.jpeg> <./Images/Comparable/figure1_similarities/shelf_gradcampp/9602.jpeg> <
./Images/Comparable/figure1_similarities/gradcampp/9602.jpeg> <./Images/Compara
ble/figure1_similarities/scorecam/9602.jpeg> <./Images/Comparable/figure1_simil
arities/shelf_scorecam/9602.jpeg> <./Images/Comparable/figure1_similarities/ori
ginal/12414.jpeg> <./Images/Comparable/figure1_similarities/raw_att/12414.jpeg>
 <./Images/Comparable/figure1_similarities/shelf_gradcam/12414.jpeg> <./Images/
Comparable/figure1_similarities/gradcam/12414.jpeg> <./Images/Comparable/figure
1_similarities/shelf_gradcampp/12414.jpeg> <./Images/Comparable/figure1_similar
ities/gradcampp/12414.jpeg> <./Images/Comparable/figure1_similarities/scorecam/
12414.jpeg> <./Images/Comparable/figure1_similarities/shelf_scorecam/12414.jpeg
> <./Images/Comparable/figure1/original/43057.jpeg> <./Images/Comparable/figure
1/raw_att/43057.jpeg> <./Images/Comparable/figure1/shelf_gradcam/43057.jpeg> <.
/Images/Comparable/figure1/gradcam/43057.jpeg> <./Images/Comparable/figure1/she
lf_gradcampp/43057.jpeg> <./Images/Comparable/figure1/gradcampp/43057.jpeg> <./
Images/Comparable/figure1/shelf_scorecam/43057.jpeg> <./Images/Comparable/figur
e1/scorecam/43057.jpeg> <./Images/Comparable/figure1_similarities/original/1137
6.jpeg> <./Images/Comparable/figure1_similarities/raw_att/11376.jpeg> <./Images
/Comparable/figure1_similarities/shelf_gradcam/11376.jpeg> <./Images/Comparable
/figure1_similarities/gradcam/11376.jpeg> <./Images/Comparable/figure1_similari
ties/shelf_gradcampp/11376.jpeg> <./Images/Comparable/figure1_similarities/grad
campp/11376.jpeg> <./Images/Comparable/figure1_similarities/scorecam/11376.jpeg
> <./Images/Comparable/figure1_similarities/shelf_scorecam/11376.jpeg> <./Image
s/Outdataset/Corridor/Original/c1.jpg> <./Images/Outdataset/Corridor/Attention/
c1.jpg> <./Images/Outdataset/Greenhouse/Original/celosie_02.jpg> <./Images/Outd
ataset/Greenhouse/Attention/celosie_02.jpg> <./Images/Outdataset/Poolinside/Ori
ginal/003_1b.jpg> <./Images/Outdataset/Poolinside/Attention/003_1b.jpg> <./Imag
es/Outdataset/WineCellar/Original/bodega2.jpg> <./Images/Outdataset/WineCellar/
Attention/bodega2.jpg> <./Images/Outdataset/Corridor/Original/1L_10_Corridor_A.
jpg> <./Images/Outdataset/Corridor/Attention/1L_10_Corridor_A.jpg> <./Images/Ou
tdataset/Greenhouse/Original/20070417klpcnatun_229_Ies_SCO.jpg> <./Images/Outda
taset/Greenhouse/Attention/20070417klpcnatun_229_Ies_SCO.jpg> <./Images/Outdata
set/Poolinside/Original/141821195_M.jpg> <./Images/Outdataset/Poolinside/Attent
ion/141821195_M.jpg> <./Images/Outdataset/WineCellar/Original/bodega_45_18_yaho
o.jpg> <./Images/Outdataset/WineCellar/Attention/bodega_45_18_yahoo.jpg> <./Ima
ges/Outdataset/Corridor/Original/430_Korridor_300.jpg> <./Images/Outdataset/Cor
ridor/Attention/430_Korridor_300.jpg> <./Images/Outdataset/Greenhouse/Original/
20070418klpcnaecl_364_Ies_SCO.jpg> <./Images/Outdataset/Greenhouse/Attention/20
070418klpcnaecl_364_Ies_SCO.jpg> <./Images/Outdataset/Poolinside/Original/catal
ogue_piscine_interieur.jpg> <./Images/Outdataset/Poolinside/Attention/catalogue
_piscine_interieur.jpg> <./Images/Outdataset/WineCellar/Original/bodega_63_24_f
lickr.jpg> <./Images/Outdataset/WineCellar/Attention/bodega_63_24_flickr.jpg> <
./Images/Outdataset/Corridor/Original/06_Right_corridor_of_the_main_hall.jpg> <
./Images/Outdataset/Corridor/Attention/06_Right_corridor_of_the_main_hall.jpg> 
<./Images/Outdataset/Greenhouse/Original/2026_2006_Grimm_s_Gardens_Greenhouse.j
pg> <./Images/Outdataset/Greenhouse/Attention/2026_2006_Grimm_s_Gardens_Greenho
use.jpg> <./Images/Outdataset/Poolinside/Original/connolly_center_pool_inside_l
g.jpg> <./Images/Outdataset/Poolinside/Attention/connolly_center_pool_inside_lg
.jpg> <./Images/Outdataset/WineCellar/Original/bodega_78_08_flickr.jpg> <./Imag
es/Outdataset/WineCellar/Attention/bodega_78_08_flickr.jpg>]

Package natbib Warning: Citation `NIPS2017_3f5ee243' on page 7 undefined on inp
ut line 11.


Package natbib Warning: Citation `dosovitskiy2020image' on page 7 undefined on 
input line 11.


LaTeX Warning: Reference `eq:qk-layer' on page 7 undefined on input line 16.


LaTeX Warning: Reference `tab:dif_streams' on page 7 undefined on input line 71
.


LaTeX Warning: Reference `eq:CA' on page 7 undefined on input line 71.


LaTeX Warning: Reference `eq:proj_ca' on page 7 undefined on input line 71.


LaTeX Warning: Reference `eq:CA' on page 7 undefined on input line 71.


LaTeX Warning: Reference `tab:intrecog-resnet' on page 7 undefined on input lin
e 78.

) (./tex/conclusion.tex [7]) [8

]
No file main.bbl.
LaTeX Font Info:    Font shape `OT1/ptm/bx/n' in size <14.4> not available
(Font)              Font shape `OT1/ptm/b/n' tried instead on input line 123.
LaTeX Font Info:    Font shape `OT1/ptm/bx/it' in size <14.4> not available
(Font)              Font shape `OT1/ptm/b/it' tried instead on input line 123.
(./tex/appendix.tex

LaTeX Warning: Reference `tab:TokenvMatrix' on page 1 undefined on input line 7
6.


Underfull \vbox (badness 6412) has occurred while \output is active []

)

Package natbib Warning: There were undefined citations.

pdfTeX warning (ext4): destination with the same identifier (name{page.1}) has 
been already used, duplicate ignored
<to be read again> 
                   \relax 
l.135 \end{document}
                     [1



]
Package atveryend Info: Empty hook `BeforeClearDocument' on input line 135.
Package atveryend Info: Empty hook `AfterLastShipout' on input line 135.
 (./main.aux)
Package atveryend Info: Executing hook `AtVeryEndDocument' on input line 135.
Package atveryend Info: Empty hook `AtEndAfterFileList' on input line 135.


LaTeX Warning: There were undefined references.


LaTeX Warning: Label(s) may have changed. Rerun to get cross-references right.

Package atveryend Info: Empty hook `AtVeryVeryEnd' on input line 135.
 ) 
Here is how much of TeX's memory you used:
 32075 strings out of 492982
 790548 string characters out of 6134897
 1056678 words of memory out of 5000000
 34858 multiletter control sequences out of 15000+600000
 59041 words of font info for 115 fonts, out of 8000000 for 9000
 1141 hyphenation exceptions out of 8191
 64i,13n,96p,1573b,770s stack positions out of 5000i,500n,10000p,200000b,80000s
{/usr/share/texlive/texmf-dist/fonts/enc/dvips/base/8r.enc}</usr/share/texliv
e/texmf-dist/fonts/type1/public/amsfonts/cm/cmbx10.pfb></usr/share/texlive/texm
f-dist/fonts/type1/public/amsfonts/cm/cmbx8.pfb></usr/share/texlive/texmf-dist/
fonts/type1/public/amsfonts/cm/cmbx9.pfb></usr/share/texlive/texmf-dist/fonts/t
ype1/public/amsfonts/cm/cmex10.pfb></usr/share/texlive/texmf-dist/fonts/type1/p
ublic/amsfonts/cm/cmmi10.pfb></usr/share/texlive/texmf-dist/fonts/type1/public/
amsfonts/cm/cmmi5.pfb></usr/share/texlive/texmf-dist/fonts/type1/public/amsfont
s/cm/cmmi6.pfb></usr/share/texlive/texmf-dist/fonts/type1/public/amsfonts/cm/cm
mi7.pfb></usr/share/texlive/texmf-dist/fonts/type1/public/amsfonts/cm/cmmi8.pfb
></usr/share/texlive/texmf-dist/fonts/type1/public/amsfonts/cm/cmmi9.pfb></usr/
share/texlive/texmf-dist/fonts/type1/public/amsfonts/cm/cmmib10.pfb></usr/share
/texlive/texmf-dist/fonts/type1/public/amsfonts/cmextra/cmmib9.pfb></usr/share/
texlive/texmf-dist/fonts/type1/public/amsfonts/cm/cmr10.pfb></usr/share/texlive
/texmf-dist/fonts/type1/public/amsfonts/cm/cmr5.pfb></usr/share/texlive/texmf-d
ist/fonts/type1/public/amsfonts/cm/cmr6.pfb></usr/share/texlive/texmf-dist/font
s/type1/public/amsfonts/cm/cmr7.pfb></usr/share/texlive/texmf-dist/fonts/type1/
public/amsfonts/cm/cmr9.pfb></usr/share/texlive/texmf-dist/fonts/type1/public/a
msfonts/cm/cmsy10.pfb></usr/share/texlive/texmf-dist/fonts/type1/public/amsfont
s/cm/cmsy6.pfb></usr/share/texlive/texmf-dist/fonts/type1/public/amsfonts/cm/cm
sy7.pfb></usr/share/texlive/texmf-dist/fonts/type1/public/amsfonts/cm/cmsy9.pfb
></usr/share/texlive/texmf-dist/fonts/type1/public/amsfonts/symbols/msbm10.pfb>
</usr/share/texlive/texmf-dist/fonts/type1/urw/helvetic/uhvb8a.pfb></usr/share/
texlive/texmf-dist/fonts/type1/urw/helvetic/uhvr8a.pfb></usr/share/texlive/texm
f-dist/fonts/type1/urw/times/utmb8a.pfb></usr/share/texlive/texmf-dist/fonts/ty
pe1/urw/times/utmbi8a.pfb></usr/share/texlive/texmf-dist/fonts/type1/urw/times/
utmr8a.pfb></usr/share/texlive/texmf-dist/fonts/type1/urw/times/utmri8a.pfb>
Output written on main.pdf (9 pages, 3183100 bytes).
PDF statistics:
 391 PDF objects out of 1000 (max. 8388607)
 244 compressed objects within 3 object streams
 70 named destinations out of 1000 (max. 500000)
 479 words of extra memory for PDF output out of 10000 (max. 10000000)

